Log file open, 10/30/19 11:11:16
LogWindows: Failed to load 'aqProf.dll' (GetLastError=126)
LogWindows: File 'aqProf.dll' does not exist
LogWindows: Failed to load 'VtuneApi.dll' (GetLastError=126)
LogWindows: File 'VtuneApi.dll' does not exist
LogWindows: Failed to load 'VtuneApi32e.dll' (GetLastError=126)
LogWindows: File 'VtuneApi32e.dll' does not exist
LogConsoleResponse: Display: Failed to find resolution value strings in scalability ini. Falling back to default.
LogInit: Display: Running engine for game: DynamicLocomotion
LogPlatformFile: Not using cached read wrapper
LogTaskGraph: Started task graph with 5 named threads and 23 total threads with 3 sets of task threads.
LogStats: Stats thread started at 0.085922
LogD3D11RHI: Loaded GFSDK_Aftermath_Lib.x64.dll
LogICUInternationalization: ICU TimeZone Detection - Raw Offset: -8:00, Platform Override: ''
LogPluginManager: Mounting plugin Paper2D
LogPluginManager: Mounting plugin AISupport
LogPluginManager: Mounting plugin LightPropagationVolume
LogPluginManager: Mounting plugin ActorLayerUtilities
LogPluginManager: Mounting plugin AnimationSharing
LogPluginManager: Mounting plugin CLionSourceCodeAccess
LogPluginManager: Mounting plugin CodeLiteSourceCodeAccess
LogPluginManager: Mounting plugin GitSourceControl
LogPluginManager: Mounting plugin KDevelopSourceCodeAccess
LogPluginManager: Mounting plugin NullSourceCodeAccess
LogPluginManager: Mounting plugin PerforceSourceControl
LogPluginManager: Mounting plugin SubversionSourceControl
LogPluginManager: Mounting plugin UObjectPlugin
LogPluginManager: Mounting plugin VisualStudioCodeSourceCodeAccess
LogPluginManager: Mounting plugin VisualStudioSourceCodeAccess
LogPluginManager: Mounting plugin XCodeSourceCodeAccess
LogPluginManager: Mounting plugin AssetManagerEditor
LogPluginManager: Mounting plugin CryptoKeys
LogPluginManager: Mounting plugin CurveEditorTools
LogPluginManager: Mounting plugin DataValidation
LogPluginManager: Mounting plugin FacialAnimation
LogPluginManager: Mounting plugin GameplayTagsEditor
LogPluginManager: Mounting plugin MacGraphicsSwitching
LogPluginManager: Mounting plugin MaterialAnalyzer
LogPluginManager: Mounting plugin MobileLauncherProfileWizard
LogPluginManager: Mounting plugin PluginBrowser
LogPluginManager: Mounting plugin SpeedTreeImporter
LogPluginManager: Mounting plugin DatasmithContent
LogPluginManager: Mounting plugin VariantManagerContent
LogPluginManager: Mounting plugin AlembicImporter
LogPluginManager: Mounting plugin AutomationUtils
LogPluginManager: Mounting plugin BackChannel
LogPluginManager: Mounting plugin CharacterAI
LogPluginManager: Mounting plugin GeometryCache
LogPluginManager: Mounting plugin HTML5Networking
LogPluginManager: Mounting plugin PlatformCrypto
LogPluginManager: Mounting plugin ProxyLODPlugin
LogPluginManager: Mounting plugin SkeletalReduction
LogPluginManager: Mounting plugin MagicLeap
LogPluginManager: Mounting plugin MagicLeapMedia
LogPluginManager: Mounting plugin AndroidMedia
LogPluginManager: Mounting plugin AvfMedia
LogPluginManager: Mounting plugin ImgMedia
LogPluginManager: Mounting plugin MediaCompositing
LogPluginManager: Mounting plugin MediaPlayerEditor
LogPluginManager: Mounting plugin WebMMedia
LogPluginManager: Mounting plugin WmfMedia
LogPluginManager: Mounting plugin TcpMessaging
LogPluginManager: Mounting plugin UdpMessaging
LogPluginManager: Mounting plugin ActorSequence
LogPluginManager: Mounting plugin LevelSequenceEditor
LogPluginManager: Mounting plugin MatineeToLevelSequence
LogPluginManager: Mounting plugin NetcodeUnitTest
LogPluginManager: Mounting plugin NUTUnrealEngine4
LogPluginManager: Mounting plugin OnlineSubsystemGooglePlay
LogPluginManager: Mounting plugin OnlineSubsystemIOS
LogPluginManager: Mounting plugin OnlineSubsystem
LogPluginManager: Mounting plugin OnlineSubsystemNull
LogPluginManager: Mounting plugin OnlineSubsystemUtils
LogPluginManager: Mounting plugin LauncherChunkInstaller
LogPluginManager: Mounting plugin AndroidDeviceProfileSelector
LogPluginManager: Mounting plugin AndroidMoviePlayer
LogPluginManager: Mounting plugin AndroidPermission
LogPluginManager: Mounting plugin AppleImageUtils
LogPluginManager: Mounting plugin AppleMoviePlayer
LogPluginManager: Mounting plugin ArchVisCharacter
LogPluginManager: Mounting plugin AudioCapture
LogPluginManager: Mounting plugin CableComponent
LogPluginManager: Mounting plugin CustomMeshComponent
LogPluginManager: Mounting plugin EditableMesh
LogPluginManager: Mounting plugin ExampleDeviceProfileSelector
LogPluginManager: Mounting plugin GoogleCloudMessaging
LogPluginManager: Mounting plugin IOSDeviceProfileSelector
LogPluginManager: Mounting plugin LinuxDeviceProfileSelector
LogPluginManager: Mounting plugin LocationServicesBPLibrary
LogPluginManager: Mounting plugin MobilePatchingUtils
LogPluginManager: Mounting plugin OculusVR
LogPluginManager: Mounting plugin PhysXVehicles
LogPluginManager: Mounting plugin ProceduralMeshComponent
LogPluginManager: Mounting plugin RuntimePhysXCooking
LogPluginManager: Mounting plugin SignificanceManager
LogPluginManager: Mounting plugin SteamVR
LogPluginManager: Mounting plugin WebMMoviePlayer
LogPluginManager: Mounting plugin WindowsMoviePlayer
LogPluginManager: Mounting plugin ScreenshotTools
LogInit: Using libcurl 7.55.1-DEV
LogInit:  - built for x86_64-pc-win32
LogInit:  - supports SSL with OpenSSL/1.1.1
LogInit:  - supports HTTP deflate (compression) using libz 1.2.8
LogInit:  - other features:
LogInit:      CURL_VERSION_SSL
LogInit:      CURL_VERSION_LIBZ
LogInit:      CURL_VERSION_IPV6
LogInit:      CURL_VERSION_ASYNCHDNS
LogInit:      CURL_VERSION_LARGEFILE
LogInit:      CURL_VERSION_IDN
LogInit:  CurlRequestOptions (configurable via config and command line):
LogInit:  - bVerifyPeer = true  - Libcurl will verify peer certificate
LogInit:  - bUseHttpProxy = false  - Libcurl will NOT use HTTP proxy
LogInit:  - bDontReuseConnections = false  - Libcurl will reuse connections
LogInit:  - MaxHostConnections = 16  - Libcurl will limit the number of connections to a host
LogInit:  - LocalHostAddr = Default
LogInit:  - BufferSize = 65536
LogOnline: OSS: Creating online subsystem instance for: NULL
LogInit: WinSock: version 1.1 (2.2), MaxSocks=32767, MaxUdp=65467
LogInit: Build: ++UE4+Release-4.23-CL-8386587
LogInit: Engine Version: 4.23.0-8386587+++UE4+Release-4.23
LogInit: Compatible Engine Version: 4.23.0-8386587+++UE4+Release-4.23
LogInit: Net CL: 8386587
LogInit: OS: Windows 10 (Release 1809) (), CPU: Intel(R) Core(TM) i7-6700HQ CPU @ 2.60GHz, GPU: Intel(R) HD Graphics 530
LogInit: Compiled (64-bit): Aug 31 2019 02:04:44
LogInit: Compiled with Visual C++: 19.16.27030.01
LogInit: Build Configuration: Development
LogInit: Branch Name: ++UE4+Release-4.23
LogInit: Command Line: 
LogInit: Base Directory: C:/Users/simon/Downloads/UE_4.23/Engine/Binaries/Win64/
LogInit: Installed Engine Build: 1
LogDevObjectVersion: Number of dev versions registered: 23
LogDevObjectVersion:   Dev-Blueprints (B0D832E4-1F89-4F0D-ACCF-7EB736FD4AA2): 10
LogDevObjectVersion:   Dev-Build (E1C64328-A22C-4D53-A36C-8E866417BD8C): 0
LogDevObjectVersion:   Dev-Core (375EC13C-06E4-48FB-B500-84F0262A717E): 3
LogDevObjectVersion:   Dev-Editor (E4B068ED-F494-42E9-A231-DA0B2E46BB41): 34
LogDevObjectVersion:   Dev-Framework (CFFC743F-43B0-4480-9391-14DF171D2073): 35
LogDevObjectVersion:   Dev-Mobile (B02B49B5-BB20-44E9-A304-32B752E40360): 2
LogDevObjectVersion:   Dev-Networking (A4E4105C-59A1-49B5-A7C5-40C4547EDFEE): 0
LogDevObjectVersion:   Dev-Online (39C831C9-5AE6-47DC-9A44-9C173E1C8E7C): 0
LogDevObjectVersion:   Dev-Physics (78F01B33-EBEA-4F98-B9B4-84EACCB95AA2): 0
LogDevObjectVersion:   Dev-Platform (6631380F-2D4D-43E0-8009-CF276956A95A): 0
LogDevObjectVersion:   Dev-Rendering (12F88B9F-8875-4AFC-A67C-D90C383ABD29): 31
LogDevObjectVersion:   Dev-Sequencer (7B5AE74C-D270-4C10-A958-57980B212A5A): 11
LogDevObjectVersion:   Dev-VR (D7296918-1DD6-4BDD-9DE2-64A83CC13884): 2
LogDevObjectVersion:   Dev-LoadTimes (C2A15278-BFE7-4AFE-6C17-90FF531DF755): 1
LogDevObjectVersion:   Private-Geometry (6EACA3D4-40EC-4CC1-B786-8BED09428FC5): 3
LogDevObjectVersion:   Dev-AnimPhys (29E575DD-E0A3-4627-9D10-D276232CDCEA): 17
LogDevObjectVersion:   Dev-Anim (AF43A65D-7FD3-4947-9873-3E8ED9C1BB05): 2
LogDevObjectVersion:   Dev-ReflectionCapture (6B266CEC-1EC7-4B8F-A30B-E4D90942FC07): 1
LogDevObjectVersion:   Dev-Automation (0DF73D61-A23F-47EA-B727-89E90C41499A): 1
LogDevObjectVersion:   FortniteMain (601D1886-AC64-4F84-AA16-D3DE0DEAC7D6): 27
LogDevObjectVersion:   Dev-Enterprise (9DFFBCD6-494F-0158-E221-12823C92A888): 6
LogDevObjectVersion:   Dev-Niagara (F2AED0AC-9AFE-416F-8664-AA7FFA26D6FC): 1
LogDevObjectVersion:   Dev-Destruction (174F1F0B-B4C6-45A5-B13F-2EE8D0FB917D): 9
LogInit: Presizing for max 16777216 objects, including 0 objects not considered by GC, pre-allocating 0 bytes for permanent pool.
LogInit: Object subsystem initialized
LogConfig: Setting CVar [[con.DebugEarlyDefault:1]]
LogConfig: Setting CVar [[r.setres:1280x720]]
[2019.10.30-18.11.16:677][  0]LogConfig: Setting CVar [[r.VSync:0]]
[2019.10.30-18.11.16:677][  0]LogConfig: Setting CVar [[r.RHICmdBypass:0]]
[2019.10.30-18.11.16:677][  0]LogConfig: Applying CVar settings from Section [/Script/Engine.RendererSettings] File [C:/Users/simon/Documents/GitHub/IG-Test/DyLoc/DynamicLocomotion/Saved/Config/Windows/Engine.ini]
[2019.10.30-18.11.16:677][  0]LogConfig: Setting CVar [[r.GPUCrashDebugging:0]]
[2019.10.30-18.11.16:677][  0]LogConfig: Applying CVar settings from Section [/Script/Engine.RendererOverrideSettings] File [C:/Users/simon/Documents/GitHub/IG-Test/DyLoc/DynamicLocomotion/Saved/Config/Windows/Engine.ini]
[2019.10.30-18.11.16:677][  0]LogConfig: Applying CVar settings from Section [/Script/Engine.StreamingSettings] File [C:/Users/simon/Documents/GitHub/IG-Test/DyLoc/DynamicLocomotion/Saved/Config/Windows/Engine.ini]
[2019.10.30-18.11.16:677][  0]LogConfig: Setting CVar [[s.MinBulkDataSizeForAsyncLoading:131072]]
[2019.10.30-18.11.16:677][  0]LogConfig: Setting CVar [[s.AsyncLoadingThreadEnabled:0]]
[2019.10.30-18.11.16:677][  0]LogConfig: Setting CVar [[s.EventDrivenLoaderEnabled:1]]
[2019.10.30-18.11.16:677][  0]LogConfig: Setting CVar [[s.WarnIfTimeLimitExceeded:0]]
[2019.10.30-18.11.16:677][  0]LogConfig: Setting CVar [[s.TimeLimitExceededMultiplier:1.5]]
[2019.10.30-18.11.16:677][  0]LogConfig: Setting CVar [[s.TimeLimitExceededMinTime:0.005]]
[2019.10.30-18.11.16:677][  0]LogConfig: Setting CVar [[s.UseBackgroundLevelStreaming:1]]
[2019.10.30-18.11.16:677][  0]LogConfig: Setting CVar [[s.PriorityAsyncLoadingExtraTime:15.0]]
[2019.10.30-18.11.16:677][  0]LogConfig: Setting CVar [[s.LevelStreamingActorsUpdateTimeLimit:5.0]]
[2019.10.30-18.11.16:677][  0]LogConfig: Setting CVar [[s.PriorityLevelStreamingActorsUpdateExtraTime:5.0]]
[2019.10.30-18.11.16:677][  0]LogConfig: Setting CVar [[s.LevelStreamingComponentsRegistrationGranularity:10]]
[2019.10.30-18.11.16:677][  0]LogConfig: Setting CVar [[s.UnregisterComponentsTimeLimit:1.0]]
[2019.10.30-18.11.16:677][  0]LogConfig: Setting CVar [[s.LevelStreamingComponentsUnregistrationGranularity:5]]
[2019.10.30-18.11.16:677][  0]LogConfig: Applying CVar settings from Section [/Script/Engine.GarbageCollectionSettings] File [C:/Users/simon/Documents/GitHub/IG-Test/DyLoc/DynamicLocomotion/Saved/Config/Windows/Engine.ini]
[2019.10.30-18.11.16:677][  0]LogConfig: Setting CVar [[gc.MaxObjectsNotConsideredByGC:1]]
[2019.10.30-18.11.16:677][  0]LogConfig: Setting CVar [[gc.SizeOfPermanentObjectPool:0]]
[2019.10.30-18.11.16:677][  0]LogConfig: Setting CVar [[gc.FlushStreamingOnGC:0]]
[2019.10.30-18.11.16:677][  0]LogConfig: Setting CVar [[gc.NumRetriesBeforeForcingGC:10]]
[2019.10.30-18.11.16:677][  0]LogConfig: Setting CVar [[gc.AllowParallelGC:1]]
[2019.10.30-18.11.16:677][  0]LogConfig: Setting CVar [[gc.TimeBetweenPurgingPendingKillObjects:61.1]]
[2019.10.30-18.11.16:677][  0]LogConfig: Setting CVar [[gc.MaxObjectsInEditor:16777216]]
[2019.10.30-18.11.16:677][  0]LogConfig: Setting CVar [[gc.IncrementalBeginDestroyEnabled:1]]
[2019.10.30-18.11.16:677][  0]LogConfig: Setting CVar [[gc.CreateGCClusters:1]]
[2019.10.30-18.11.16:677][  0]LogConfig: Setting CVar [[gc.MinGCClusterSize:5]]
[2019.10.30-18.11.16:677][  0]LogConfig: Setting CVar [[gc.ActorClusteringEnabled:0]]
[2019.10.30-18.11.16:677][  0]LogConfig: Setting CVar [[gc.BlueprintClusteringEnabled:0]]
[2019.10.30-18.11.16:677][  0]LogConfig: Setting CVar [[gc.UseDisregardForGCOnDedicatedServers:0]]
[2019.10.30-18.11.16:677][  0]LogConfig: Applying CVar settings from Section [/Script/Engine.NetworkSettings] File [C:/Users/simon/Documents/GitHub/IG-Test/DyLoc/DynamicLocomotion/Saved/Config/Windows/Engine.ini]
[2019.10.30-18.11.16:678][  0]LogConfig: Applying CVar settings from Section [/Script/UnrealEd.CookerSettings] File [C:/Users/simon/Documents/GitHub/IG-Test/DyLoc/DynamicLocomotion/Saved/Config/Windows/Engine.ini]
[2019.10.30-18.11.16:680][  0]LogConfig: Applying CVar settings from Section [ViewDistanceQuality@3] File [C:/Users/simon/Documents/GitHub/IG-Test/DyLoc/DynamicLocomotion/Saved/Config/Windows/Scalability.ini]
[2019.10.30-18.11.16:680][  0]LogConfig: Setting CVar [[r.SkeletalMeshLODBias:0]]
[2019.10.30-18.11.16:680][  0]LogConfig: Setting CVar [[r.ViewDistanceScale:1.0]]
[2019.10.30-18.11.16:680][  0]LogConfig: Applying CVar settings from Section [AntiAliasingQuality@3] File [C:/Users/simon/Documents/GitHub/IG-Test/DyLoc/DynamicLocomotion/Saved/Config/Windows/Scalability.ini]
[2019.10.30-18.11.16:680][  0]LogConfig: Setting CVar [[r.PostProcessAAQuality:4]]
[2019.10.30-18.11.16:680][  0]LogConfig: Applying CVar settings from Section [ShadowQuality@3] File [C:/Users/simon/Documents/GitHub/IG-Test/DyLoc/DynamicLocomotion/Saved/Config/Windows/Scalability.ini]
[2019.10.30-18.11.16:680][  0]LogConfig: Setting CVar [[r.LightFunctionQuality:1]]
[2019.10.30-18.11.16:680][  0]LogConfig: Setting CVar [[r.ShadowQuality:5]]
[2019.10.30-18.11.16:680][  0]LogConfig: Setting CVar [[r.Shadow.CSM.MaxCascades:10]]
[2019.10.30-18.11.16:680][  0]LogConfig: Setting CVar [[r.Shadow.MaxResolution:2048]]
[2019.10.30-18.11.16:680][  0]LogConfig: Setting CVar [[r.Shadow.MaxCSMResolution:2048]]
[2019.10.30-18.11.16:680][  0]LogConfig: Setting CVar [[r.Shadow.RadiusThreshold:0.01]]
[2019.10.30-18.11.16:680][  0]LogConfig: Setting CVar [[r.Shadow.DistanceScale:1.0]]
[2019.10.30-18.11.16:680][  0]LogConfig: Setting CVar [[r.Shadow.CSM.TransitionScale:1.0]]
[2019.10.30-18.11.16:680][  0]LogConfig: Setting CVar [[r.Shadow.PreShadowResolutionFactor:1.0]]
[2019.10.30-18.11.16:680][  0]LogConfig: Setting CVar [[r.DistanceFieldShadowing:1]]
[2019.10.30-18.11.16:680][  0]LogConfig: Setting CVar [[r.DistanceFieldAO:1]]
[2019.10.30-18.11.16:680][  0]LogConfig: Setting CVar [[r.AOQuality:2]]
[2019.10.30-18.11.16:680][  0]LogConfig: Setting CVar [[r.VolumetricFog:1]]
[2019.10.30-18.11.16:680][  0]LogConfig: Setting CVar [[r.VolumetricFog.GridPixelSize:8]]
[2019.10.30-18.11.16:680][  0]LogConfig: Setting CVar [[r.VolumetricFog.GridSizeZ:128]]
[2019.10.30-18.11.16:681][  0]LogConfig: Setting CVar [[r.VolumetricFog.HistoryMissSupersampleCount:4]]
[2019.10.30-18.11.16:681][  0]LogConfig: Setting CVar [[r.LightMaxDrawDistanceScale:1]]
[2019.10.30-18.11.16:681][  0]LogConfig: Setting CVar [[r.CapsuleShadows:1]]
[2019.10.30-18.11.16:681][  0]LogConfig: Applying CVar settings from Section [PostProcessQuality@3] File [C:/Users/simon/Documents/GitHub/IG-Test/DyLoc/DynamicLocomotion/Saved/Config/Windows/Scalability.ini]
[2019.10.30-18.11.16:681][  0]LogConfig: Setting CVar [[r.MotionBlurQuality:4]]
[2019.10.30-18.11.16:681][  0]LogConfig: Setting CVar [[r.AmbientOcclusionMipLevelFactor:0.4]]
[2019.10.30-18.11.16:681][  0]LogConfig: Setting CVar [[r.AmbientOcclusionMaxQuality:100]]
[2019.10.30-18.11.16:681][  0]LogConfig: Setting CVar [[r.AmbientOcclusionLevels:-1]]
[2019.10.30-18.11.16:681][  0]LogConfig: Setting CVar [[r.AmbientOcclusionRadiusScale:1.0]]
[2019.10.30-18.11.16:681][  0]LogConfig: Setting CVar [[r.DepthOfFieldQuality:2]]
[2019.10.30-18.11.16:681][  0]LogConfig: Setting CVar [[r.RenderTargetPoolMin:400]]
[2019.10.30-18.11.16:681][  0]LogConfig: Setting CVar [[r.LensFlareQuality:2]]
[2019.10.30-18.11.16:681][  0]LogConfig: Setting CVar [[r.SceneColorFringeQuality:1]]
[2019.10.30-18.11.16:681][  0]LogConfig: Setting CVar [[r.EyeAdaptationQuality:2]]
[2019.10.30-18.11.16:681][  0]LogConfig: Setting CVar [[r.BloomQuality:5]]
[2019.10.30-18.11.16:681][  0]LogConfig: Setting CVar [[r.FastBlurThreshold:100]]
[2019.10.30-18.11.16:681][  0]LogConfig: Setting CVar [[r.Upscale.Quality:3]]
[2019.10.30-18.11.16:681][  0]LogConfig: Setting CVar [[r.Tonemapper.GrainQuantization:1]]
[2019.10.30-18.11.16:681][  0]LogConfig: Setting CVar [[r.LightShaftQuality:1]]
[2019.10.30-18.11.16:681][  0]LogConfig: Setting CVar [[r.Filter.SizeScale:1]]
[2019.10.30-18.11.16:681][  0]LogConfig: Setting CVar [[r.Tonemapper.Quality:5]]
[2019.10.30-18.11.16:681][  0]LogConfig: Setting CVar [[r.DOF.Gather.AccumulatorQuality:1        ; higher gathering accumulator quality]]
[2019.10.30-18.11.16:681][  0]LogConfig: Setting CVar [[r.DOF.Gather.PostfilterMethod:1          ; Median3x3 postfilering method]]
[2019.10.30-18.11.16:681][  0]LogConfig: Setting CVar [[r.DOF.Gather.EnableBokehSettings:0       ; no bokeh simulation when gathering]]
[2019.10.30-18.11.16:681][  0]LogConfig: Setting CVar [[r.DOF.Gather.RingCount:4                 ; medium number of samples when gathering]]
[2019.10.30-18.11.16:681][  0]LogConfig: Setting CVar [[r.DOF.Scatter.ForegroundCompositing:1    ; additive foreground scattering]]
[2019.10.30-18.11.16:681][  0]LogConfig: Setting CVar [[r.DOF.Scatter.BackgroundCompositing:2    ; additive background scattering]]
[2019.10.30-18.11.16:681][  0]LogConfig: Setting CVar [[r.DOF.Scatter.EnableBokehSettings:1      ; bokeh simulation when scattering]]
[2019.10.30-18.11.16:681][  0]LogConfig: Setting CVar [[r.DOF.Scatter.MaxSpriteRatio:0.1         ; only a maximum of 10% of scattered bokeh]]
[2019.10.30-18.11.16:681][  0]LogConfig: Setting CVar [[r.DOF.Recombine.Quality:1                ; cheap slight out of focus]]
[2019.10.30-18.11.16:681][  0]LogConfig: Setting CVar [[r.DOF.Recombine.EnableBokehSettings:0    ; no bokeh simulation on slight out of focus]]
[2019.10.30-18.11.16:681][  0]LogConfig: Setting CVar [[r.DOF.TemporalAAQuality:1                ; more stable temporal accumulation]]
[2019.10.30-18.11.16:681][  0]LogConfig: Setting CVar [[r.DOF.Kernel.MaxForegroundRadius:0.025]]
[2019.10.30-18.11.16:681][  0]LogConfig: Setting CVar [[r.DOF.Kernel.MaxBackgroundRadius:0.025]]
[2019.10.30-18.11.16:681][  0]LogConfig: Applying CVar settings from Section [TextureQuality@3] File [C:/Users/simon/Documents/GitHub/IG-Test/DyLoc/DynamicLocomotion/Saved/Config/Windows/Scalability.ini]
[2019.10.30-18.11.16:681][  0]LogConfig: Setting CVar [[r.Streaming.MipBias:0]]
[2019.10.30-18.11.16:681][  0]LogConfig: Setting CVar [[r.Streaming.AmortizeCPUToGPUCopy:0]]
[2019.10.30-18.11.16:681][  0]LogConfig: Setting CVar [[r.Streaming.MaxNumTexturesToStreamPerFrame:0]]
[2019.10.30-18.11.16:681][  0]LogConfig: Setting CVar [[r.Streaming.Boost:1]]
[2019.10.30-18.11.16:681][  0]LogConfig: Setting CVar [[r.MaxAnisotropy:8]]
[2019.10.30-18.11.16:681][  0]LogConfig: Setting CVar [[r.Streaming.LimitPoolSizeToVRAM:0]]
[2019.10.30-18.11.16:681][  0]LogConfig: Setting CVar [[r.Streaming.PoolSize:1000]]
[2019.10.30-18.11.16:681][  0]LogConfig: Setting CVar [[r.Streaming.MaxEffectiveScreenSize:0]]
[2019.10.30-18.11.16:681][  0]LogConfig: Applying CVar settings from Section [EffectsQuality@3] File [C:/Users/simon/Documents/GitHub/IG-Test/DyLoc/DynamicLocomotion/Saved/Config/Windows/Scalability.ini]
[2019.10.30-18.11.16:681][  0]LogConfig: Setting CVar [[r.TranslucencyLightingVolumeDim:64]]
[2019.10.30-18.11.16:681][  0]LogConfig: Setting CVar [[r.RefractionQuality:2]]
[2019.10.30-18.11.16:681][  0]LogConfig: Setting CVar [[r.SSR.Quality:3]]
[2019.10.30-18.11.16:681][  0]LogConfig: Setting CVar [[r.SceneColorFormat:4]]
[2019.10.30-18.11.16:681][  0]LogConfig: Setting CVar [[r.DetailMode:2]]
[2019.10.30-18.11.16:681][  0]LogConfig: Setting CVar [[r.TranslucencyVolumeBlur:1]]
[2019.10.30-18.11.16:681][  0]LogConfig: Setting CVar [[r.MaterialQualityLevel:1 ; High quality]]
[2019.10.30-18.11.16:681][  0]LogConfig: Setting CVar [[r.SSS.Scale:1]]
[2019.10.30-18.11.16:681][  0]LogConfig: Setting CVar [[r.SSS.SampleSet:2]]
[2019.10.30-18.11.16:681][  0]LogConfig: Setting CVar [[r.SSS.Quality:1]]
[2019.10.30-18.11.16:681][  0]LogConfig: Setting CVar [[r.SSS.HalfRes:1]]
[2019.10.30-18.11.16:681][  0]LogConfig: Setting CVar [[r.EmitterSpawnRateScale:1.0]]
[2019.10.30-18.11.16:681][  0]LogConfig: Setting CVar [[r.ParticleLightQuality:2]]
[2019.10.30-18.11.16:681][  0]LogConfig: Applying CVar settings from Section [FoliageQuality@3] File [C:/Users/simon/Documents/GitHub/IG-Test/DyLoc/DynamicLocomotion/Saved/Config/Windows/Scalability.ini]
[2019.10.30-18.11.16:681][  0]LogConfig: Setting CVar [[foliage.DensityScale:1.0]]
[2019.10.30-18.11.16:681][  0]LogConfig: Setting CVar [[grass.DensityScale:1.0]]
[2019.10.30-18.11.16:681][  0]LogInit: Selected Device Profile: [Windows]
[2019.10.30-18.11.16:681][  0]LogInit: Applying CVar settings loaded from the selected device profile: [Windows]
[2019.10.30-18.11.16:684][  0]LogHAL: Display: Platform has ~ 32 GB [34176208896 / 34359738368 / 32], which maps to Largest [LargestMinGB=32, LargerMinGB=12, DefaultMinGB=8, SmallerMinGB=6, SmallestMinGB=0)
[2019.10.30-18.11.16:684][  0]LogInit: Going up to parent DeviceProfile []
[2019.10.30-18.11.16:684][  0]LogConfig: Applying CVar settings from Section [ViewDistanceQuality@3] File [C:/Users/simon/Documents/GitHub/IG-Test/DyLoc/DynamicLocomotion/Saved/Config/Windows/Scalability.ini]
[2019.10.30-18.11.16:684][  0]LogConfig: Setting CVar [[r.SkeletalMeshLODBias:0]]
[2019.10.30-18.11.16:684][  0]LogConfig: Setting CVar [[r.ViewDistanceScale:1.0]]
[2019.10.30-18.11.16:684][  0]LogConfig: Applying CVar settings from Section [AntiAliasingQuality@3] File [C:/Users/simon/Documents/GitHub/IG-Test/DyLoc/DynamicLocomotion/Saved/Config/Windows/Scalability.ini]
[2019.10.30-18.11.16:684][  0]LogConfig: Setting CVar [[r.PostProcessAAQuality:4]]
[2019.10.30-18.11.16:684][  0]LogConfig: Applying CVar settings from Section [ShadowQuality@3] File [C:/Users/simon/Documents/GitHub/IG-Test/DyLoc/DynamicLocomotion/Saved/Config/Windows/Scalability.ini]
[2019.10.30-18.11.16:684][  0]LogConfig: Setting CVar [[r.LightFunctionQuality:1]]
[2019.10.30-18.11.16:684][  0]LogConfig: Setting CVar [[r.ShadowQuality:5]]
[2019.10.30-18.11.16:684][  0]LogConfig: Setting CVar [[r.Shadow.CSM.MaxCascades:10]]
[2019.10.30-18.11.16:684][  0]LogConfig: Setting CVar [[r.Shadow.MaxResolution:2048]]
[2019.10.30-18.11.16:684][  0]LogConfig: Setting CVar [[r.Shadow.MaxCSMResolution:2048]]
[2019.10.30-18.11.16:684][  0]LogConfig: Setting CVar [[r.Shadow.RadiusThreshold:0.01]]
[2019.10.30-18.11.16:684][  0]LogConfig: Setting CVar [[r.Shadow.DistanceScale:1.0]]
[2019.10.30-18.11.16:684][  0]LogConfig: Setting CVar [[r.Shadow.CSM.TransitionScale:1.0]]
[2019.10.30-18.11.16:684][  0]LogConfig: Setting CVar [[r.Shadow.PreShadowResolutionFactor:1.0]]
[2019.10.30-18.11.16:684][  0]LogConfig: Setting CVar [[r.DistanceFieldShadowing:1]]
[2019.10.30-18.11.16:685][  0]LogConfig: Setting CVar [[r.DistanceFieldAO:1]]
[2019.10.30-18.11.16:685][  0]LogConfig: Setting CVar [[r.AOQuality:2]]
[2019.10.30-18.11.16:685][  0]LogConfig: Setting CVar [[r.VolumetricFog:1]]
[2019.10.30-18.11.16:685][  0]LogConfig: Setting CVar [[r.VolumetricFog.GridPixelSize:8]]
[2019.10.30-18.11.16:685][  0]LogConfig: Setting CVar [[r.VolumetricFog.GridSizeZ:128]]
[2019.10.30-18.11.16:685][  0]LogConfig: Setting CVar [[r.VolumetricFog.HistoryMissSupersampleCount:4]]
[2019.10.30-18.11.16:685][  0]LogConfig: Setting CVar [[r.LightMaxDrawDistanceScale:1]]
[2019.10.30-18.11.16:685][  0]LogConfig: Setting CVar [[r.CapsuleShadows:1]]
[2019.10.30-18.11.16:685][  0]LogConfig: Applying CVar settings from Section [PostProcessQuality@3] File [C:/Users/simon/Documents/GitHub/IG-Test/DyLoc/DynamicLocomotion/Saved/Config/Windows/Scalability.ini]
[2019.10.30-18.11.16:685][  0]LogConfig: Setting CVar [[r.MotionBlurQuality:4]]
[2019.10.30-18.11.16:685][  0]LogConfig: Setting CVar [[r.AmbientOcclusionMipLevelFactor:0.4]]
[2019.10.30-18.11.16:685][  0]LogConfig: Setting CVar [[r.AmbientOcclusionMaxQuality:100]]
[2019.10.30-18.11.16:685][  0]LogConfig: Setting CVar [[r.AmbientOcclusionLevels:-1]]
[2019.10.30-18.11.16:685][  0]LogConfig: Setting CVar [[r.AmbientOcclusionRadiusScale:1.0]]
[2019.10.30-18.11.16:685][  0]LogConfig: Setting CVar [[r.DepthOfFieldQuality:2]]
[2019.10.30-18.11.16:685][  0]LogConfig: Setting CVar [[r.RenderTargetPoolMin:400]]
[2019.10.30-18.11.16:685][  0]LogConfig: Setting CVar [[r.LensFlareQuality:2]]
[2019.10.30-18.11.16:685][  0]LogConfig: Setting CVar [[r.SceneColorFringeQuality:1]]
[2019.10.30-18.11.16:685][  0]LogConfig: Setting CVar [[r.EyeAdaptationQuality:2]]
[2019.10.30-18.11.16:685][  0]LogConfig: Setting CVar [[r.BloomQuality:5]]
[2019.10.30-18.11.16:685][  0]LogConfig: Setting CVar [[r.FastBlurThreshold:100]]
[2019.10.30-18.11.16:685][  0]LogConfig: Setting CVar [[r.Upscale.Quality:3]]
[2019.10.30-18.11.16:685][  0]LogConfig: Setting CVar [[r.Tonemapper.GrainQuantization:1]]
[2019.10.30-18.11.16:685][  0]LogConfig: Setting CVar [[r.LightShaftQuality:1]]
[2019.10.30-18.11.16:685][  0]LogConfig: Setting CVar [[r.Filter.SizeScale:1]]
[2019.10.30-18.11.16:685][  0]LogConfig: Setting CVar [[r.Tonemapper.Quality:5]]
[2019.10.30-18.11.16:685][  0]LogConfig: Setting CVar [[r.DOF.Gather.AccumulatorQuality:1        ; higher gathering accumulator quality]]
[2019.10.30-18.11.16:685][  0]LogConfig: Setting CVar [[r.DOF.Gather.PostfilterMethod:1          ; Median3x3 postfilering method]]
[2019.10.30-18.11.16:685][  0]LogConfig: Setting CVar [[r.DOF.Gather.EnableBokehSettings:0       ; no bokeh simulation when gathering]]
[2019.10.30-18.11.16:685][  0]LogConfig: Setting CVar [[r.DOF.Gather.RingCount:4                 ; medium number of samples when gathering]]
[2019.10.30-18.11.16:685][  0]LogConfig: Setting CVar [[r.DOF.Scatter.ForegroundCompositing:1    ; additive foreground scattering]]
[2019.10.30-18.11.16:685][  0]LogConfig: Setting CVar [[r.DOF.Scatter.BackgroundCompositing:2    ; additive background scattering]]
[2019.10.30-18.11.16:685][  0]LogConfig: Setting CVar [[r.DOF.Scatter.EnableBokehSettings:1      ; bokeh simulation when scattering]]
[2019.10.30-18.11.16:685][  0]LogConfig: Setting CVar [[r.DOF.Scatter.MaxSpriteRatio:0.1         ; only a maximum of 10% of scattered bokeh]]
[2019.10.30-18.11.16:685][  0]LogConfig: Setting CVar [[r.DOF.Recombine.Quality:1                ; cheap slight out of focus]]
[2019.10.30-18.11.16:685][  0]LogConfig: Setting CVar [[r.DOF.Recombine.EnableBokehSettings:0    ; no bokeh simulation on slight out of focus]]
[2019.10.30-18.11.16:685][  0]LogConfig: Setting CVar [[r.DOF.TemporalAAQuality:1                ; more stable temporal accumulation]]
[2019.10.30-18.11.16:685][  0]LogConfig: Setting CVar [[r.DOF.Kernel.MaxForegroundRadius:0.025]]
[2019.10.30-18.11.16:685][  0]LogConfig: Setting CVar [[r.DOF.Kernel.MaxBackgroundRadius:0.025]]
[2019.10.30-18.11.16:685][  0]LogConfig: Applying CVar settings from Section [TextureQuality@3] File [C:/Users/simon/Documents/GitHub/IG-Test/DyLoc/DynamicLocomotion/Saved/Config/Windows/Scalability.ini]
[2019.10.30-18.11.16:685][  0]LogConfig: Setting CVar [[r.Streaming.MipBias:0]]
[2019.10.30-18.11.16:685][  0]LogConfig: Setting CVar [[r.Streaming.AmortizeCPUToGPUCopy:0]]
[2019.10.30-18.11.16:685][  0]LogConfig: Setting CVar [[r.Streaming.MaxNumTexturesToStreamPerFrame:0]]
[2019.10.30-18.11.16:685][  0]LogConfig: Setting CVar [[r.Streaming.Boost:1]]
[2019.10.30-18.11.16:685][  0]LogConfig: Setting CVar [[r.MaxAnisotropy:8]]
[2019.10.30-18.11.16:685][  0]LogConfig: Setting CVar [[r.Streaming.LimitPoolSizeToVRAM:0]]
[2019.10.30-18.11.16:685][  0]LogConfig: Setting CVar [[r.Streaming.PoolSize:1000]]
[2019.10.30-18.11.16:685][  0]LogConfig: Setting CVar [[r.Streaming.MaxEffectiveScreenSize:0]]
[2019.10.30-18.11.16:685][  0]LogConfig: Applying CVar settings from Section [EffectsQuality@3] File [C:/Users/simon/Documents/GitHub/IG-Test/DyLoc/DynamicLocomotion/Saved/Config/Windows/Scalability.ini]
[2019.10.30-18.11.16:685][  0]LogConfig: Setting CVar [[r.TranslucencyLightingVolumeDim:64]]
[2019.10.30-18.11.16:685][  0]LogConfig: Setting CVar [[r.RefractionQuality:2]]
[2019.10.30-18.11.16:685][  0]LogConfig: Setting CVar [[r.SSR.Quality:3]]
[2019.10.30-18.11.16:685][  0]LogConfig: Setting CVar [[r.SceneColorFormat:4]]
[2019.10.30-18.11.16:685][  0]LogConfig: Setting CVar [[r.DetailMode:2]]
[2019.10.30-18.11.16:685][  0]LogConfig: Setting CVar [[r.TranslucencyVolumeBlur:1]]
[2019.10.30-18.11.16:685][  0]LogConfig: Setting CVar [[r.MaterialQualityLevel:1 ; High quality]]
[2019.10.30-18.11.16:685][  0]LogConfig: Setting CVar [[r.SSS.Scale:1]]
[2019.10.30-18.11.16:686][  0]LogConfig: Setting CVar [[r.SSS.SampleSet:2]]
[2019.10.30-18.11.16:686][  0]LogConfig: Setting CVar [[r.SSS.Quality:1]]
[2019.10.30-18.11.16:686][  0]LogConfig: Setting CVar [[r.SSS.HalfRes:1]]
[2019.10.30-18.11.16:686][  0]LogConfig: Setting CVar [[r.EmitterSpawnRateScale:1.0]]
[2019.10.30-18.11.16:686][  0]LogConfig: Setting CVar [[r.ParticleLightQuality:2]]
[2019.10.30-18.11.16:686][  0]LogConfig: Applying CVar settings from Section [FoliageQuality@3] File [C:/Users/simon/Documents/GitHub/IG-Test/DyLoc/DynamicLocomotion/Saved/Config/Windows/Scalability.ini]
[2019.10.30-18.11.16:686][  0]LogConfig: Setting CVar [[foliage.DensityScale:1.0]]
[2019.10.30-18.11.16:686][  0]LogConfig: Setting CVar [[grass.DensityScale:1.0]]
[2019.10.30-18.11.16:686][  0]LogConfig: Applying CVar settings from Section [Startup] File [../../../Engine/Config/ConsoleVariables.ini]
[2019.10.30-18.11.16:686][  0]LogConfig: Setting CVar [[net.UseAdaptiveNetUpdateFrequency:0]]
[2019.10.30-18.11.16:686][  0]LogConfig: Setting CVar [[p.chaos.AllowCreatePhysxBodies:1]]
[2019.10.30-18.11.16:686][  0]LogConfig: Applying CVar settings from Section [ConsoleVariables] File [C:/Users/simon/Documents/GitHub/IG-Test/DyLoc/DynamicLocomotion/Saved/Config/Windows/Engine.ini]
[2019.10.30-18.11.16:686][  0]LogInit: Computer: LAPTOP-JUJ71SCJ
[2019.10.30-18.11.16:686][  0]LogInit: User: simon
[2019.10.30-18.11.16:686][  0]LogInit: CPU Page size=4096, Cores=4
[2019.10.30-18.11.16:686][  0]LogInit: High frequency timer resolution =10.000000 MHz
[2019.10.30-18.11.16:686][  0]LogMemory: Memory total: Physical=31.8GB (32GB approx)
[2019.10.30-18.11.16:686][  0]LogMemory: Platform Memory Stats for Windows
[2019.10.30-18.11.16:686][  0]LogMemory: Process Physical Memory: 100.43 MB used, 100.43 MB peak
[2019.10.30-18.11.16:686][  0]LogMemory: Process Virtual Memory: 100.73 MB used, 100.73 MB peak
[2019.10.30-18.11.16:686][  0]LogMemory: Physical Memory: 5910.45 MB used,  26682.52 MB free, 32592.97 MB total
[2019.10.30-18.11.16:686][  0]LogMemory: Virtual Memory: 4682.79 MB used,  134213048.00 MB free, 134217728.00 MB total
[2019.10.30-18.11.16:691][  0]LogWindows: WindowsPlatformFeatures enabled
[2019.10.30-18.11.16:724][  0]LogInit: Using OS detected language (en-US).
[2019.10.30-18.11.16:724][  0]LogInit: Using OS detected locale (en-US).
[2019.10.30-18.11.16:725][  0]LogTextLocalizationManager: No specific localization for 'en-US' exists, so the 'en' localization will be used.
[2019.10.30-18.11.16:900][  0]LogInit: Setting process to per monitor DPI aware
[2019.10.30-18.11.16:961][  0]LogSlate: New Slate User Created.  User Index 0, Is Virtual User: 0
[2019.10.30-18.11.16:961][  0]LogSlate: Slate User Registered.  User Index 0, Is Virtual User: 0
[2019.10.30-18.11.17:177][  0]LogHMD: Failed to initialize OpenVR with code 110
[2019.10.30-18.11.17:177][  0]LogD3D11RHI: D3D11 adapters:
[2019.10.30-18.11.17:249][  0]LogD3D11RHI:    0. 'NVIDIA GeForce GTX 960M' (Feature Level 11_0)
[2019.10.30-18.11.17:249][  0]LogD3D11RHI:       2010/0/16296 MB DedicatedVideo/DedicatedSystem/SharedSystem, Outputs:1, VendorId:0x10de
[2019.10.30-18.11.17:258][  0]LogD3D11RHI:    1. 'Intel(R) HD Graphics 530' (Feature Level 11_0)
[2019.10.30-18.11.17:258][  0]LogD3D11RHI:       128/0/16296 MB DedicatedVideo/DedicatedSystem/SharedSystem, Outputs:0, VendorId:0x8086
[2019.10.30-18.11.17:261][  0]LogD3D11RHI:    2. 'Microsoft Basic Render Driver' (Feature Level 11_0)
[2019.10.30-18.11.17:261][  0]LogD3D11RHI:       0/0/16296 MB DedicatedVideo/DedicatedSystem/SharedSystem, Outputs:0, VendorId:0x1414
[2019.10.30-18.11.17:261][  0]LogD3D11RHI: Chosen D3D11 Adapter: 0
[2019.10.30-18.11.17:307][  0]LogD3D11RHI: Creating new Direct3DDevice
[2019.10.30-18.11.17:307][  0]LogD3D11RHI:     GPU DeviceId: 0x139b (for the marketing name, search the web for "GPU Device Id")
[2019.10.30-18.11.17:307][  0]LogWindows: EnumDisplayDevices:
[2019.10.30-18.11.17:307][  0]LogWindows:    0. 'Intel(R) HD Graphics 530' (P:1 D:1)
[2019.10.30-18.11.17:308][  0]LogWindows:    1. 'Intel(R) HD Graphics 530' (P:0 D:0)
[2019.10.30-18.11.17:308][  0]LogWindows:    2. 'Intel(R) HD Graphics 530' (P:0 D:0)
[2019.10.30-18.11.17:308][  0]LogWindows: DebugString: PrimaryIsNotTheChoosenAdapter PrimaryIsNotTheChoosenAdapter PrimaryIsNotTheChoosenAdapter FoundDriverCount:0 
[2019.10.30-18.11.17:308][  0]LogD3D11RHI:     Adapter Name: NVIDIA GeForce GTX 960M
[2019.10.30-18.11.17:309][  0]LogD3D11RHI:   Driver Version: Unknown (internal:Unknown, unified:Unknown)
[2019.10.30-18.11.17:309][  0]LogD3D11RHI:      Driver Date: Unknown
[2019.10.30-18.11.17:309][  0]LogRHI: Texture pool is 1407 MB (70% of 2010 MB)
[2019.10.30-18.11.17:358][  0]LogD3D11RHI: Async texture creation enabled
[2019.10.30-18.11.17:370][  0]LogD3D11RHI: GPU Timing Frequency: 1000.000000 (Debug: 2 1)
[2019.10.30-18.11.17:763][  0]LogTemp: Display: Module 'AllDesktopTargetPlatform' loaded TargetPlatform 'AllDesktop'
[2019.10.30-18.11.17:773][  0]LogTemp: Display: Module 'MacClientTargetPlatform' loaded TargetPlatform 'MacClient'
[2019.10.30-18.11.17:783][  0]LogTemp: Display: Module 'MacNoEditorTargetPlatform' loaded TargetPlatform 'MacNoEditor'
[2019.10.30-18.11.17:793][  0]LogTemp: Display: Module 'MacServerTargetPlatform' loaded TargetPlatform 'MacServer'
[2019.10.30-18.11.17:803][  0]LogTemp: Display: Module 'MacTargetPlatform' loaded TargetPlatform 'Mac'
[2019.10.30-18.11.17:814][  0]LogTemp: Display: Module 'WindowsClientTargetPlatform' loaded TargetPlatform 'WindowsClient'
[2019.10.30-18.11.17:824][  0]LogTemp: Display: Module 'WindowsNoEditorTargetPlatform' loaded TargetPlatform 'WindowsNoEditor'
[2019.10.30-18.11.17:834][  0]LogTemp: Display: Module 'WindowsServerTargetPlatform' loaded TargetPlatform 'WindowsServer'
[2019.10.30-18.11.17:839][  0]LogTemp: Display: Module 'WindowsTargetPlatform' loaded TargetPlatform 'Windows'
[2019.10.30-18.11.17:877][  0]LogTemp: Display: Module 'AndroidTargetPlatform' loaded TargetPlatform 'Android'
[2019.10.30-18.11.17:877][  0]LogTemp: Display: Module 'AndroidTargetPlatform' loaded TargetPlatform 'Android_ASTC'
[2019.10.30-18.11.17:877][  0]LogTemp: Display: Module 'AndroidTargetPlatform' loaded TargetPlatform 'Android_ATC'
[2019.10.30-18.11.17:877][  0]LogTemp: Display: Module 'AndroidTargetPlatform' loaded TargetPlatform 'Android_DXT'
[2019.10.30-18.11.17:877][  0]LogTemp: Display: Module 'AndroidTargetPlatform' loaded TargetPlatform 'Android_ETC1'
[2019.10.30-18.11.17:877][  0]LogTemp: Display: Module 'AndroidTargetPlatform' loaded TargetPlatform 'Android_ETC1a'
[2019.10.30-18.11.17:877][  0]LogTemp: Display: Module 'AndroidTargetPlatform' loaded TargetPlatform 'Android_ETC2'
[2019.10.30-18.11.17:877][  0]LogTemp: Display: Module 'AndroidTargetPlatform' loaded TargetPlatform 'Android_PVRTC'
[2019.10.30-18.11.17:877][  0]LogTemp: Display: Module 'AndroidTargetPlatform' loaded TargetPlatform 'AndroidClient'
[2019.10.30-18.11.17:877][  0]LogTemp: Display: Module 'AndroidTargetPlatform' loaded TargetPlatform 'Android_ASTCClient'
[2019.10.30-18.11.17:877][  0]LogTemp: Display: Module 'AndroidTargetPlatform' loaded TargetPlatform 'Android_ATCClient'
[2019.10.30-18.11.17:877][  0]LogTemp: Display: Module 'AndroidTargetPlatform' loaded TargetPlatform 'Android_DXTClient'
[2019.10.30-18.11.17:877][  0]LogTemp: Display: Module 'AndroidTargetPlatform' loaded TargetPlatform 'Android_ETC1Client'
[2019.10.30-18.11.17:877][  0]LogTemp: Display: Module 'AndroidTargetPlatform' loaded TargetPlatform 'Android_ETC1aClient'
[2019.10.30-18.11.17:877][  0]LogTemp: Display: Module 'AndroidTargetPlatform' loaded TargetPlatform 'Android_ETC2Client'
[2019.10.30-18.11.17:878][  0]LogTemp: Display: Module 'AndroidTargetPlatform' loaded TargetPlatform 'Android_PVRTCClient'
[2019.10.30-18.11.17:878][  0]LogTemp: Display: Module 'AndroidTargetPlatform' loaded TargetPlatform 'Android_Multi'
[2019.10.30-18.11.17:878][  0]LogTemp: Display: Module 'AndroidTargetPlatform' loaded TargetPlatform 'Android_MultiClient'
[2019.10.30-18.11.17:879][  0]LogTemp: Display: Module 'HTML5TargetPlatform' loaded TargetPlatform 'HTML5'
[2019.10.30-18.11.17:899][  0]LogTemp: Display: Module 'IOSTargetPlatform' loaded TargetPlatform 'IOSClient'
[2019.10.30-18.11.17:899][  0]LogTemp: Display: Module 'IOSTargetPlatform' loaded TargetPlatform 'IOS'
[2019.10.30-18.11.17:915][  0]LogTemp: Display: Module 'TVOSTargetPlatform' loaded TargetPlatform 'TVOSClient'
[2019.10.30-18.11.17:915][  0]LogTemp: Display: Module 'TVOSTargetPlatform' loaded TargetPlatform 'TVOS'
[2019.10.30-18.11.17:921][  0]LogTemp: Display: Module 'LinuxClientTargetPlatform' loaded TargetPlatform 'LinuxClient'
[2019.10.30-18.11.17:929][  0]LogTemp: Display: Module 'LinuxNoEditorTargetPlatform' loaded TargetPlatform 'LinuxNoEditor'
[2019.10.30-18.11.17:937][  0]LogTemp: Display: Module 'LinuxServerTargetPlatform' loaded TargetPlatform 'LinuxServer'
[2019.10.30-18.11.17:946][  0]LogTemp: Display: Module 'LinuxTargetPlatform' loaded TargetPlatform 'Linux'
[2019.10.30-18.11.17:971][  0]LogTemp: Display: Module 'LuminTargetPlatform' loaded TargetPlatform 'Lumin'
[2019.10.30-18.11.17:971][  0]LogTemp: Display: Module 'LuminTargetPlatform' loaded TargetPlatform 'LuminClient'
[2019.10.30-18.11.17:972][  0]LogTargetPlatformManager: Display: Building Assets For Windows
[2019.10.30-18.11.17:983][  0]LogAudioDebug: Display: Lib vorbis DLL was dynamically loaded.
[2019.10.30-18.11.18:047][  0]LogShaderCompilers: Guid format shader working directory is -18 characters bigger than the processId version (../../../../../Documents/GitHub/IG-Test/DyLoc/DynamicLocomotion/Intermediate/Shaders/WorkingDirectory/18772/).
[2019.10.30-18.11.18:047][  0]LogShaderCompilers: Cleaned the shader compiler working directory 'C:/Users/simon/AppData/Local/Temp/UnrealShaderWorkingDir/5DB61A944F0283948042BEAE66BA5E2F/'.
[2019.10.30-18.11.18:050][  0]LogXGEController: Cleaning working directory: C:/Users/simon/AppData/Local/Temp/UnrealXGEWorkingDir/
[2019.10.30-18.11.18:050][  0]LogXGEController: Cannot use XGE Controller as Incredibuild is not installed on this machine.
[2019.10.30-18.11.18:050][  0]LogShaderCompilers: Cannot use XGE Shader Compiler as Incredibuild is not installed on this machine.
[2019.10.30-18.11.18:050][  0]LogShaderCompilers: Display: Using Local Shader Compiler.
[2019.10.30-18.11.18:710][  0]LogDerivedDataCache: Display: Max Cache Size: 512 MB
[2019.10.30-18.11.18:764][  0]LogDerivedDataCache: Loaded boot cache 0.05s 73MB C:/Users/simon/AppData/Local/UnrealEngine/4.23/DerivedDataCache/Boot.ddc.
[2019.10.30-18.11.18:764][  0]LogDerivedDataCache: Display: Loaded Boot cache: C:/Users/simon/AppData/Local/UnrealEngine/4.23/DerivedDataCache/Boot.ddc
[2019.10.30-18.11.18:764][  0]LogDerivedDataCache: FDerivedDataBackendGraph:  Pak pak cache file ../../../../../Documents/GitHub/IG-Test/DyLoc/DynamicLocomotion/DerivedDataCache/DDC.ddp not found, will not use a pak cache.
[2019.10.30-18.11.18:764][  0]LogDerivedDataCache: Unable to find inner node Pak for hierarchical cache Hierarchy.
[2019.10.30-18.11.18:764][  0]LogDerivedDataCache: FDerivedDataBackendGraph:  CompressedPak pak cache file ../../../../../Documents/GitHub/IG-Test/DyLoc/DynamicLocomotion/DerivedDataCache/Compressed.ddp not found, will not use a pak cache.
[2019.10.30-18.11.18:764][  0]LogDerivedDataCache: Unable to find inner node CompressedPak for hierarchical cache Hierarchy.
[2019.10.30-18.11.18:777][  0]LogDerivedDataCache: Display: Pak cache opened for reading ../../../Engine/DerivedDataCache/Compressed.ddp.
[2019.10.30-18.11.18:777][  0]LogDerivedDataCache: FDerivedDataBackendGraph:  EnterprisePak pak cache file ../../../Enterprise/DerivedDataCache/Compressed.ddp not found, will not use a pak cache.
[2019.10.30-18.11.18:777][  0]LogDerivedDataCache: Unable to find inner node EnterprisePak for hierarchical cache Hierarchy.
[2019.10.30-18.11.18:778][  0]LogDerivedDataCache: Using Local data cache path C:/Users/simon/AppData/Local/UnrealEngine/Common/DerivedDataCache: Writable
[2019.10.30-18.11.18:778][  0]LogDerivedDataCache: Shared data cache path not found in *engine.ini, will not use an Shared cache.
[2019.10.30-18.11.18:778][  0]LogDerivedDataCache: Unable to find inner node Shared for hierarchical cache Hierarchy.
[2019.10.30-18.11.18:805][  0]LogMaterial: Verifying Global Shaders for PCD3D_SM5
[2019.10.30-18.11.18:807][  0]LogSlate: Using FreeType 2.6.0
[2019.10.30-18.11.18:808][  0]LogSlate: SlateFontServices - WITH_FREETYPE: 1, WITH_HARFBUZZ: 1
[2019.10.30-18.11.18:867][  0]LogAssetRegistry: FAssetRegistry took 0.0027 seconds to start up
[2019.10.30-18.11.19:156][  0]LogInit: Selected Device Profile: [Windows]
[2019.10.30-18.11.19:315][  0]LogMeshReduction: Using QuadricMeshReduction for automatic static mesh reduction
[2019.10.30-18.11.19:315][  0]LogMeshReduction: Using SimplygonMeshReduction for automatic skeletal mesh reduction
[2019.10.30-18.11.19:315][  0]LogMeshReduction: Using ProxyLODMeshReduction for automatic mesh merging
[2019.10.30-18.11.19:315][  0]LogMeshReduction: No distributed automatic mesh merging module available
[2019.10.30-18.11.19:315][  0]LogMeshMerging: No distributed automatic mesh merging module available
[2019.10.30-18.11.19:327][  0]LogNetVersion: DynamicLocomotion 1.0.0, NetCL: 8386587, EngineNetVer: 11, GameNetVer: 0 (Checksum: 2741820683)
[2019.10.30-18.11.19:792][  0]LogPackageLocalizationCache: Processed 12 localized package path(s) for 1 prioritized culture(s) in 0.055995 seconds
[2019.10.30-18.11.19:798][  0]LogUObjectArray: 43444 objects as part of root set at end of initial load.
[2019.10.30-18.11.19:798][  0]LogUObjectAllocator: 7548648 out of 0 bytes used by permanent object pool.
[2019.10.30-18.11.19:798][  0]LogUObjectArray: CloseDisregardForGC: 0/0 objects in disregard for GC pool
[2019.10.30-18.11.20:685][  0]LogTcpMessaging: Initializing TcpMessaging bridge
[2019.10.30-18.11.20:688][  0]LogUdpMessaging: Initializing bridge on interface 0.0.0.0:0 to multicast group 230.0.0.1:6666.
[2019.10.30-18.11.20:748][  0]SourceControl: Source control is disabled
[2019.10.30-18.11.20:748][  0]SourceControl: Source control is disabled
[2019.10.30-18.11.20:749][  0]SourceControl: Source control is disabled
[2019.10.30-18.11.20:750][  0]SourceControl: Source control is disabled
[2019.10.30-18.11.20:841][  0]LogAndroidPermission: UAndroidPermissionCallbackProxy::GetInstance
[2019.10.30-18.11.20:962][  0]LogOcInput: OculusInput pre-init called
[2019.10.30-18.11.20:968][  0]LogWindows: Failed to load 'OVRPlugin.dll' (GetLastError=126)
[2019.10.30-18.11.20:968][  0]LogWindows: File 'OVRPlugin.dll' does not exist
[2019.10.30-18.11.21:047][  0]LogEngine: Initializing Engine...
[2019.10.30-18.11.21:048][  0]LogHMD: Failed to initialize OpenVR with code 110
[2019.10.30-18.11.21:049][  0]LogStats: UGameplayTagsManager::InitializeManager -  0.000 s
[2019.10.30-18.11.21:297][  0]LogInit: Initializing FReadOnlyCVARCache
[2019.10.30-18.11.21:312][  0]LogAIModule: Creating AISystem for world Untitled
[2019.10.30-18.11.21:341][  0]LogInit: XAudio2 using 'Speakers / Headphones (Realtek Audio)' : 2 channels at 48 kHz using 32 bits per sample (channel mask 0x3)
[2019.10.30-18.11.21:561][  0]LogInit: FAudioDevice initialized.
[2019.10.30-18.11.21:561][  0]LogNetVersion: Set ProjectVersion to 1.0.0.0. Version Checksum will be recalculated on next use.
[2019.10.30-18.11.21:612][  0]LogDerivedDataCache: Saved boot cache 0.05s 73MB C:/Users/simon/AppData/Local/UnrealEngine/4.23/DerivedDataCache/Boot.ddc.
[2019.10.30-18.11.21:622][  0]LogInit: Texture streaming: Enabled
[2019.10.30-18.11.21:644][  0]LogEngineSessionManager: EngineSessionManager initialized
[2019.10.30-18.11.21:706][  0]LogInit: Transaction tracking system initialized
[2019.10.30-18.11.21:743][  0]BlueprintLog: New page: Editor Load
[2019.10.30-18.11.21:832][  0]LocalizationService: Localization service is disabled
[2019.10.30-18.11.22:136][  0]LogCook: Display: Max memory allowance for cook 16384mb min free memory 0mb
[2019.10.30-18.11.22:136][  0]LogCook: Display: Mobile HDR setting 1
[2019.10.30-18.11.22:337][  0]LogFileCache: Scanning file cache for directory 'C:/Users/simon/Documents/GitHub/IG-Test/DyLoc/DynamicLocomotion/Content/' took 0.04s
[2019.10.30-18.11.22:337][  0]SourceControl: Source control is disabled
[2019.10.30-18.11.22:337][  0]Cmd: MAP LOAD FILE="../../../../../Documents/GitHub/IG-Test/DyLoc/DynamicLocomotion/Content/DynamicLocomotion/Maps/DemoMap.umap" TEMPLATE=0 SHOWPROGRESS=1 FEATURELEVEL=3
[2019.10.30-18.11.22:338][  0]LightingResults: New page: Lighting Build
[2019.10.30-18.11.22:341][  0]LogWorld: UWorld::CleanupWorld for Untitled, bSessionEnded=true, bCleanupResources=true
[2019.10.30-18.11.22:342][  0]MapCheck: New page: Map Check
[2019.10.30-18.11.22:342][  0]LightingResults: New page: Lighting Build
[2019.10.30-18.11.22:379][  0]LogUObjectHash: Compacting FUObjectHashTables data took   2.45ms
[2019.10.30-18.11.22:770][  0]LogLinker: Warning: While loading '../../../../../Documents/GitHub/IG-Test/DyLoc/DynamicLocomotion/Content/DynamicLocomotion/Maps/DemoMap.umap' failed to load '/Game/DynamicLocomotion/Maps/DemoMap_BuiltData': Can't find file.
[2019.10.30-18.11.22:770][  0]LogLinker: Warning: While loading '../../../../../Documents/GitHub/IG-Test/DyLoc/DynamicLocomotion/Content/DynamicLocomotion/Maps/DemoMap.umap' failed to load '/Game/DynamicLocomotion/Maps/DemoMap_BuiltData': Can't find file.
[2019.10.30-18.11.22:771][  0]LogLinker: Warning: While loading '../../../../../Documents/GitHub/IG-Test/DyLoc/DynamicLocomotion/Content/DynamicLocomotion/Maps/DemoMap.umap' failed to load '/Game/DynamicLocomotion/Maps/DemoMap_BuiltData': Can't find file.
[2019.10.30-18.11.22:771][  0]LogLinker: Warning: While loading '../../../../../Documents/GitHub/IG-Test/DyLoc/DynamicLocomotion/Content/DynamicLocomotion/Maps/DemoMap.umap' failed to load '/Game/DynamicLocomotion/Maps/DemoMap_BuiltData': Can't find file.
[2019.10.30-18.11.22:781][  0]LogLinker: Warning: While loading '../../../../../Documents/GitHub/IG-Test/DyLoc/DynamicLocomotion/Content/DynamicLocomotion/Maps/DemoMap.umap' failed to load '/Game/DynamicLocomotion/Maps/DemoMap_BuiltData': Can't find file.
[2019.10.30-18.11.22:781][  0]LoadErrors: Failed to load /Game/DynamicLocomotion/Maps/DemoMap_BuiltData.DemoMap_BuiltData Referenced by PersistentLevel
[2019.10.30-18.11.22:781][  0]LogLinker: Warning: While loading '../../../../../Documents/GitHub/IG-Test/DyLoc/DynamicLocomotion/Content/DynamicLocomotion/Maps/DemoMap.umap' failed to load '/Game/DynamicLocomotion/Maps/DemoMap_BuiltData': Can't find file.
[2019.10.30-18.11.22:782][  0]LoadErrors: Failed to load /Game/DynamicLocomotion/Maps/DemoMap_BuiltData.DemoMap_BuiltData Referenced by PersistentLevel
[2019.10.30-18.11.22:976][  0]LogMaterial: Display: Missing cached shader map for material M_EyeRefractive_Glowing, compiling. 
[2019.10.30-18.11.23:183][  0]LogShaderCompilers: Display: Worker (1/5): shaders left to compile 208
[2019.10.30-18.11.23:183][  0]LogShaderCompilers: Display: Worker (2/5): shaders left to compile 198
[2019.10.30-18.11.23:183][  0]LogShaderCompilers: Display: Worker (3/5): shaders left to compile 188
[2019.10.30-18.11.23:183][  0]LogShaderCompilers: Display: Worker (4/5): shaders left to compile 178
[2019.10.30-18.11.23:183][  0]LogShaderCompilers: Display: Worker (5/5): shaders left to compile 168
[2019.10.30-18.11.23:183][  0]LogMaterial: Display: Missing cached shader map for material M_HairSheet_Master2, compiling. 
[2019.10.30-18.11.23:382][  0]LogMaterial: Display: Missing cached shader map for material M_HairSheet_Master2, compiling. 
[2019.10.30-18.11.23:586][  0]LogMaterial: Display: Missing cached shader map for material M_Mouth_Master, compiling. 
[2019.10.30-18.11.23:745][  0]LogMaterial: Display: Missing cached shader map for material M_Countess_Sword_Holster, compiling. 
[2019.10.30-18.11.23:925][  0]LogMaterial: Display: Missing cached shader map for material M_Countess_Eyelashes_demo, compiling. 
[2019.10.30-18.11.24:083][  0]LogMaterial: Display: Missing cached shader map for material M_TearLine, compiling. 
[2019.10.30-18.11.24:387][  0]LogMaterial: Display: Missing cached shader map for material M_HairSheet_Master2, compiling. 
[2019.10.30-18.11.24:599][  0]LogMaterial: Display: Missing cached shader map for material M_Countess_Lace, compiling. 
[2019.10.30-18.11.24:707][  0]LogMaterial: Display: Missing cached shader map for material M_Countess_Legs, compiling. 
[2019.10.30-18.11.24:837][  0]LogMaterial: Display: Missing cached shader map for material M_Countess_Skin3, compiling. 
[2019.10.30-18.11.24:934][  0]LogAIModule: Creating AISystem for world DemoMap
[2019.10.30-18.11.24:947][  0]LogEditorServer: Finished looking for orphan Actors (0.000 secs)
[2019.10.30-18.11.24:987][  0]LogUObjectHash: Compacting FUObjectHashTables data took   4.38ms
[2019.10.30-18.11.24:987][  0]Cmd: MAP CHECKDEP NOCLEARLOG
[2019.10.30-18.11.24:988][  0]MapCheck: Map check complete: 0 Error(s), 0 Warning(s), took 0.197ms to complete.
[2019.10.30-18.11.24:988][  0]LogFileHelpers: Loading map 'DemoMap' took 2.651
[2019.10.30-18.11.25:131][  0]LogSlate: Updating window title bar state: overlay mode, drag disabled, window buttons hidden, title bar hidden
[2019.10.30-18.11.25:150][  0]LogSlate: Updating window title bar state: overlay mode, drag disabled, window buttons hidden, title bar hidden
[2019.10.30-18.11.25:166][  0]LogSlate: Updating window title bar state: overlay mode, drag disabled, window buttons hidden, title bar hidden
[2019.10.30-18.11.25:181][  0]LogSlate: Updating window title bar state: overlay mode, drag disabled, window buttons hidden, title bar hidden
[2019.10.30-18.11.25:192][  0]LogCollectionManager: Loaded 0 collections in 0.003339 seconds
[2019.10.30-18.11.25:203][  0]LogFileCache: Scanning file cache for directory 'C:/Users/simon/Documents/GitHub/IG-Test/DyLoc/DynamicLocomotion/Saved/Collections/' took 0.00s
[2019.10.30-18.11.25:203][  0]LogFileCache: Scanning file cache for directory 'C:/Users/simon/Documents/GitHub/IG-Test/DyLoc/DynamicLocomotion/Content/Developers/simon/Collections/' took 0.00s
[2019.10.30-18.11.25:203][  0]LogFileCache: Scanning file cache for directory 'C:/Users/simon/Documents/GitHub/IG-Test/DyLoc/DynamicLocomotion/Content/Collections/' took 0.00s
[2019.10.30-18.11.25:203][  0]LogCollectionManager: Rebuilt the GUID cache for 0 collections in 0.000002 seconds
[2019.10.30-18.11.25:215][  0]LogContentBrowser: Native class hierarchy populated in 0.0131 seconds. Added 2863 classes and 680 folders.
[2019.10.30-18.11.25:228][  0]LogContentBrowser: Native class hierarchy updated for 'WidgetCarousel' in 0.0004 seconds. Added 0 classes and 0 folders.
[2019.10.30-18.11.25:295][  0]LogContentBrowser: Native class hierarchy updated for 'AddContentDialog' in 0.0003 seconds. Added 0 classes and 0 folders.
[2019.10.30-18.11.25:305][  0]LogContentBrowser: Native class hierarchy updated for 'SceneOutliner' in 0.0004 seconds. Added 1 classes and 2 folders.
[2019.10.30-18.11.25:443][  0]LogSlate: Took 0.000196 seconds to synchronously load lazily loaded font '../../../Engine/Content/Slate/Fonts/Roboto-Regular.ttf' (155K)
[2019.10.30-18.11.25:447][  0]LogSlate: Took 0.000259 seconds to synchronously load lazily loaded font '../../../Engine/Content/Slate/Fonts/Roboto-Bold.ttf' (160K)
[2019.10.30-18.11.25:456][  0]LogSlate: Took 0.000220 seconds to synchronously load lazily loaded font '../../../Engine/Content/Editor/Slate/Fonts/FontAwesome.ttf' (139K)
[2019.10.30-18.11.25:601][  0]LogRenderer: Reallocating scene render targets to support 908x452 Format 10 NumSamples 1 (Frame:1).
[2019.10.30-18.11.25:921][  0]LogContentBrowser: Native class hierarchy updated for 'HierarchicalLODOutliner' in 0.0003 seconds. Added 0 classes and 0 folders.
[2019.10.30-18.11.25:921][  0]LogLoad: (Engine Initialization) Total time: 10.49 seconds
[2019.10.30-18.11.25:921][  0]LogLoad: (Engine Initialization) Total Blueprint compile time: 0.00 seconds
[2019.10.30-18.11.25:982][  0]LogContentStreaming: Texture pool size now 1000 MB
[2019.10.30-18.11.25:987][  0]LogSlate: FSceneViewport::OnFocusLost() reason 5
[2019.10.30-18.11.26:257][  2]LogAssetRegistry: Asset discovery search completed in 7.3909 seconds
[2019.10.30-18.11.26:269][  2]LogCollectionManager: Rebuilt the object cache for 0 collections in 0.000009 seconds (found 0 objects)
[2019.10.30-18.11.26:269][  2]LogCollectionManager: Fixed up redirectors for 0 collections in 0.000108 seconds (updated 0 objects)
[2019.10.30-18.11.27:183][ 43]LogShaderCompilers: Display: Worker (3/5): shaders left to compile 2254
[2019.10.30-18.11.29:872][181]LogShaderCompilers: Display: Worker (2/5): shaders left to compile 2244
[2019.10.30-18.11.30:913][235]LogShaderCompilers: Display: Worker (1/5): shaders left to compile 2234
[2019.10.30-18.11.33:088][350]LogSlate: Window 'Message Log' being destroyed
[2019.10.30-18.11.33:110][350]LogSlate: Window 'Message Log' being destroyed
[2019.10.30-18.11.38:540][698]LogSlate: FSceneViewport::OnFocusLost() reason 0
[2019.10.30-18.11.41:140][867]LogShaderCompilers: Display: Worker (2/5): shaders left to compile 2224
[2019.10.30-18.11.42:264][940]LogShaderCompilers: Display: Worker (3/5): shaders left to compile 2214
[2019.10.30-18.11.44:523][ 89]LogShaderCompilers: Display: Worker (1/5): shaders left to compile 2204
[2019.10.30-18.11.44:984][120]LogShaderCompilers: Display: Worker (4/5): shaders left to compile 2194
[2019.10.30-18.11.52:168][594]LogShaderCompilers: Display: Worker (1/5): shaders left to compile 2184
[2019.10.30-18.11.52:383][608]LogSlate: Took 0.000392 seconds to synchronously load lazily loaded font '../../../Engine/Content/Slate/Fonts/Roboto-Light.ttf' (167K)
[2019.10.30-18.11.52:417][608]LogLinker: Warning: While loading '../../../../../Documents/GitHub/IG-Test/DyLoc/DynamicLocomotion/Content/ParagonCountess/Characters/Maps/Countess.umap' failed to load '/Game/ParagonCountess/Characters/Maps/Countess_BuiltData': Can't find file.
[2019.10.30-18.11.52:418][608]LogLinker: Warning: While loading '../../../../../Documents/GitHub/IG-Test/DyLoc/DynamicLocomotion/Content/ParagonCountess/Characters/Maps/Countess.umap' failed to load '/Game/ParagonCountess/Characters/Maps/Countess_BuiltData': Can't find file.
[2019.10.30-18.11.52:617][608]LogShaderCompilers: Display: Worker (3/5): shaders left to compile 2174
[2019.10.30-18.11.52:961][608]LogLinker: Warning: While loading '../../../../../Documents/GitHub/IG-Test/DyLoc/DynamicLocomotion/Content/ParagonCountess/Characters/Maps/Countess.umap' failed to load '/Game/ParagonCountess/Characters/Maps/Countess_BuiltData': Can't find file.
[2019.10.30-18.11.52:961][608]LogLinker: Warning: While loading '../../../../../Documents/GitHub/IG-Test/DyLoc/DynamicLocomotion/Content/ParagonCountess/Characters/Maps/Countess.umap' failed to load '/Game/ParagonCountess/Characters/Maps/Countess_BuiltData': Can't find file.
[2019.10.30-18.11.53:640][608]LogShaderCompilers: Display: Worker (4/5): shaders left to compile 2164
[2019.10.30-18.11.53:643][608]LogLinker: Warning: While loading '../../../../../Documents/GitHub/IG-Test/DyLoc/DynamicLocomotion/Content/ParagonCountess/Characters/Maps/Countess.umap' failed to load '/Game/ParagonCountess/Characters/Maps/Countess_BuiltData': Can't find file.
[2019.10.30-18.11.53:643][608]LoadErrors: Failed to load /Game/ParagonCountess/Characters/Maps/Countess_BuiltData.Countess_BuiltData Referenced by PersistentLevel
[2019.10.30-18.11.53:643][608]LogLinker: Warning: While loading '../../../../../Documents/GitHub/IG-Test/DyLoc/DynamicLocomotion/Content/ParagonCountess/Characters/Maps/Countess.umap' failed to load '/Game/ParagonCountess/Characters/Maps/Countess_BuiltData': Can't find file.
[2019.10.30-18.11.53:655][608]LogMaterial: Display: Missing cached shader map for material M_EyeRefractive, compiling. 
[2019.10.30-18.11.53:862][608]LogMaterial: Display: Missing cached shader map for material M_Shogun_RP1_ShoulderHead, compiling. 
[2019.10.30-18.11.53:966][608]LogMaterial: Display: Missing cached shader map for material M_Countess_Shogun_Upper, compiling. 
[2019.10.30-18.11.54:077][608]LogMaterial: Display: Missing cached shader map for material M_Countess_Shogun_Shoulders, compiling. 
[2019.10.30-18.11.54:187][608]LogMaterial: Display: Missing cached shader map for material M_Countess_Shogun_Lower, compiling. 
[2019.10.30-18.11.54:357][608]LogMaterial: Display: Missing cached shader map for material M_Count_Shogun_WaistCloth, compiling. 
[2019.10.30-18.11.54:542][608]LogMaterial: Display: Missing cached shader map for material M_EyeShineJob, compiling. 
[2019.10.30-18.11.54:694][608]LogMaterial: Display: Missing cached shader map for material M_Countess_Torso_RR, compiling. 
[2019.10.30-18.11.54:810][608]LogMaterial: Display: Missing cached shader map for material M_Countess_Skin_RR, compiling. 
[2019.10.30-18.11.54:913][608]LogMaterial: Display: Missing cached shader map for material M_Countess_Leg_RR, compiling. 
[2019.10.30-18.11.55:027][608]LogShaderCompilers: Display: Worker (2/5): shaders left to compile 3657
[2019.10.30-18.11.55:027][608]LogMaterial: Display: Missing cached shader map for material M_Count_Sword_Hol_RR, compiling. 
[2019.10.30-18.11.55:185][608]LogMaterial: Display: Missing cached shader map for material M_Countess_Torso_Gold, compiling. 
[2019.10.30-18.11.55:291][608]LogMaterial: Display: Missing cached shader map for material M_Countess_Skin_Gold, compiling. 
[2019.10.30-18.11.55:386][608]LogMaterial: Display: Missing cached shader map for material M_Countess_Legs_Gold, compiling. 
[2019.10.30-18.11.55:489][608]LogShaderCompilers: Display: Worker (3/5): shaders left to compile 4123
[2019.10.30-18.11.55:489][608]LogMaterial: Display: Missing cached shader map for material M_Countess_Lace_Gold, compiling. 
[2019.10.30-18.11.55:573][608]LogMaterial: Display: Missing cached shader map for material M_Count_Sword_Hols_Gold, compiling. 
[2019.10.30-18.11.55:713][608]LogMaterial: Display: Missing cached shader map for material M_HairSheet_Master2, compiling. 
[2019.10.30-18.11.55:915][608]LogMaterial: Display: Missing cached shader map for material M_Torso_Carnivale, compiling. 
[2019.10.30-18.11.56:021][608]LogMaterial: Display: Missing cached shader map for material M_Sword_Hol_Carniv, compiling. 
[2019.10.30-18.11.56:137][608]LogMaterial: Display: Missing cached shader map for material M_Skin_Carnivale, compiling. 
[2019.10.30-18.11.56:237][608]LogMaterial: Display: Missing cached shader map for material M_Legs_Carnivale, compiling. 
[2019.10.30-18.11.56:347][608]LogShaderCompilers: Display: Worker (4/5): shaders left to compile 5131
[2019.10.30-18.11.56:347][608]LogMaterial: Display: Missing cached shader map for material M_Count_Lace_White, compiling. 
[2019.10.30-18.11.56:473][608]LogAIModule: Creating AISystem for world Countess
[2019.10.30-18.11.56:502][608]LogAssetEditorManager: Opening Asset editor for World /Game/ParagonCountess/Characters/Maps/Countess.Countess
[2019.10.30-18.11.56:531][608]LogUObjectHash: Compacting FUObjectHashTables data took   2.63ms
[2019.10.30-18.11.56:533][608]Cmd: MAP LOAD FILE="../../../../../Documents/GitHub/IG-Test/DyLoc/DynamicLocomotion/Content/ParagonCountess/Characters/Maps/Countess.umap" TEMPLATE=0 SHOWPROGRESS=1 FEATURELEVEL=3
[2019.10.30-18.11.56:533][608]LightingResults: New page: Lighting Build
[2019.10.30-18.11.56:534][608]LoadErrors: New page: Loading map: Countess.umap
[2019.10.30-18.11.56:534][608]LogWorld: UWorld::CleanupWorld for DemoMap, bSessionEnded=true, bCleanupResources=true
[2019.10.30-18.11.56:535][608]MapCheck: New page: Map Check
[2019.10.30-18.11.56:535][608]LightingResults: New page: Lighting Build
[2019.10.30-18.11.56:562][608]LogUObjectHash: Compacting FUObjectHashTables data took   2.09ms
[2019.10.30-18.11.56:568][608]LogStreaming: Display: ULevelStreaming::RequestLevel(/Game/ParagonCountess/Characters/Maps/Lighting_Background) is flushing async loading
[2019.10.30-18.11.56:568][608]LogStreaming: Display: Flushing async loaders.
[2019.10.30-18.11.56:570][608]LogLinker: Warning: Failed to load '/Game/ParagonCountess/Characters/Maps/Lighting_Background_BuiltData': Can't find file.
[2019.10.30-18.11.56:570][608]LogLinker: Warning: Failed to load '/Game/ParagonCountess/Characters/Maps/Lighting_Background_BuiltData': Can't find file.
[2019.10.30-18.11.56:587][608]LogLinker: Warning: Failed to load '/Game/ParagonCountess/Characters/Maps/Lighting_Background_BuiltData': Can't find file.
[2019.10.30-18.11.56:587][608]LogLinker: Warning: Failed to load '/Game/ParagonCountess/Characters/Maps/Lighting_Background_BuiltData': Can't find file.
[2019.10.30-18.11.56:588][608]LogLinker: Warning: Failed to load '/Game/ParagonCountess/Characters/Maps/Lighting_Background_BuiltData': Can't find file.
[2019.10.30-18.11.56:589][608]LogLinker: Warning: Failed to load '/Game/ParagonCountess/Characters/Maps/Lighting_Background_BuiltData': Can't find file.
[2019.10.30-18.11.56:589][608]LogLinker: Warning: Failed to load '/Game/ParagonCountess/Characters/Maps/Lighting_Background_BuiltData': Can't find file.
[2019.10.30-18.11.56:589][608]LogLinker: Warning: Failed to load '/Game/ParagonCountess/Characters/Maps/Lighting_Background_BuiltData': Can't find file.
[2019.10.30-18.11.56:591][608]LogLinker: Warning: While loading '../../../../../Documents/GitHub/IG-Test/DyLoc/DynamicLocomotion/Content/ParagonCountess/Characters/Maps/Lighting_Background.umap' failed to load '/Game/ParagonCountess/Characters/Maps/Lighting_Background_BuiltData': Can't find file.
[2019.10.30-18.11.56:591][608]LoadErrors: Failed to load /Game/ParagonCountess/Characters/Maps/Lighting_Background_BuiltData.Lighting_Background_BuiltData Referenced by PersistentLevel
[2019.10.30-18.11.56:591][608]LogLinker: Warning: While loading '../../../../../Documents/GitHub/IG-Test/DyLoc/DynamicLocomotion/Content/ParagonCountess/Characters/Maps/Lighting_Background.umap' failed to load '/Game/ParagonCountess/Characters/Maps/Lighting_Background_BuiltData': Can't find file.
[2019.10.30-18.11.56:666][608]LogMaterial: Display: Missing cached shader map for material HDRSky, compiling. 
[2019.10.30-18.11.56:738][608]LogMaterial: Display: Missing cached shader map for material M_AssetPlatform, compiling. 
[2019.10.30-18.11.57:113][608]LogEditorServer: Finished looking for orphan Actors (0.000 secs)
[2019.10.30-18.11.57:163][608]LogUObjectHash: Compacting FUObjectHashTables data took   3.17ms
[2019.10.30-18.11.57:200][608]Cmd: MAP CHECKDEP NOCLEARLOG
[2019.10.30-18.11.57:200][608]MapCheck: Map check complete: 0 Error(s), 0 Warning(s), took 0.205ms to complete.
[2019.10.30-18.11.57:201][608]LogFileHelpers: Loading map 'Countess' took 0.669
[2019.10.30-18.11.59:656][711]LogShaderCompilers: Display: Worker (1/5): shaders left to compile 5401
[2019.10.30-18.12.01:816][819]LogSlate: Window 'Message Log' being destroyed
[2019.10.30-18.12.01:839][819]LogSlate: Window 'Message Log' being destroyed
[2019.10.30-18.12.02:938][886]LogShaderCompilers: Display: Worker (4/5): shaders left to compile 5391
[2019.10.30-18.12.05:292][ 32]LogShaderCompilers: Display: Worker (2/5): shaders left to compile 5381
[2019.10.30-18.12.06:412][ 99]LogShaderCompilers: Display: Worker (3/5): shaders left to compile 5371
[2019.10.30-18.12.06:570][109]LogShaderCompilers: Display: Worker (1/5): shaders left to compile 5361
[2019.10.30-18.12.14:304][589]LogShaderCompilers: Display: Worker (3/5): shaders left to compile 5351
[2019.10.30-18.12.15:876][689]LogEditorViewport: Clicking on Actor (LMB): StaticMeshActor (SM_SkySphere)
[2019.10.30-18.12.15:983][689]LogEditorViewport: Clicking on Component (LMB): StaticMeshComponent (StaticMeshComponent0)
[2019.10.30-18.12.16:525][714]LogShaderCompilers: Display: Worker (1/5): shaders left to compile 5341
[2019.10.30-18.12.17:440][766]LogShaderCompilers: Display: Worker (2/5): shaders left to compile 5331
[2019.10.30-18.12.18:875][846]LogShaderCompilers: Display: Worker (4/5): shaders left to compile 5321
[2019.10.30-18.12.21:256][965]LogShaderCompilers: Display: Worker (3/5): shaders left to compile 5311
[2019.10.30-18.12.25:043][167]LogEditorViewport: Clicking on Actor (LMB): StaticMeshActor (SM_ColorCalibrator)
[2019.10.30-18.12.28:596][338]LogShaderCompilers: Display: Worker (4/5): shaders left to compile 5301
[2019.10.30-18.12.28:610][339]LogShaderCompilers: Display: Worker (3/5): shaders left to compile 5291
[2019.10.30-18.12.32:650][561]LogShaderCompilers: Display: Worker (1/5): shaders left to compile 5281
[2019.10.30-18.12.34:151][636]LogShaderCompilers: Display: Worker (2/5): shaders left to compile 5271
[2019.10.30-18.12.36:396][760]LogShaderCompilers: Display: Worker (4/5): shaders left to compile 5261
[2019.10.30-18.12.42:346][ 94]LogShaderCompilers: Display: Worker (2/5): shaders left to compile 5251
[2019.10.30-18.12.42:426][ 98]LogShaderCompilers: Display: Worker (1/5): shaders left to compile 5241
[2019.10.30-18.12.43:029][129]LogShaderCompilers: Display: Worker (3/5): shaders left to compile 5231
[2019.10.30-18.12.44:420][202]LogShaderCompilers: Display: Worker (4/5): shaders left to compile 5221
[2019.10.30-18.12.48:759][423]LogShaderCompilers: Display: Worker (3/5): shaders left to compile 5211
[2019.10.30-18.12.49:637][468]LogEditorViewport: Clicking on Actor (LMB): StaticMeshActor (SM_ColorCalibrator4)
[2019.10.30-18.12.50:076][488]LogShaderCompilers: Display: Worker (4/5): shaders left to compile 5201
[2019.10.30-18.12.52:025][598]LogShaderCompilers: Display: Worker (1/5): shaders left to compile 5191
[2019.10.30-18.12.56:770][848]LogShaderCompilers: Display: Worker (2/5): shaders left to compile 5181
[2019.10.30-18.12.57:755][904]LogShaderCompilers: Display: Worker (1/5): shaders left to compile 5171
[2019.10.30-18.12.58:916][971]LogShaderCompilers: Display: Worker (4/5): shaders left to compile 5161
[2019.10.30-18.13.02:080][121]LogShaderCompilers: Display: Worker (3/5): shaders left to compile 5151
[2019.10.30-18.13.02:407][138]LogShaderCompilers: Display: Worker (2/5): shaders left to compile 5141
[2019.10.30-18.13.06:856][388]LogShaderCompilers: Display: Worker (4/5): shaders left to compile 5131
[2019.10.30-18.13.08:306][470]LogShaderCompilers: Display: Worker (3/5): shaders left to compile 5121
[2019.10.30-18.13.08:796][499]LogShaderCompilers: Display: Worker (2/5): shaders left to compile 5111
[2019.10.30-18.13.11:455][650]LogShaderCompilers: Display: Worker (1/5): shaders left to compile 5101
[2019.10.30-18.13.14:607][829]LogShaderCompilers: Display: Worker (2/5): shaders left to compile 5091
[2019.10.30-18.13.15:076][856]LogEditorViewport: Clicking on Actor (LMB): StaticMeshActor (SM_AssetPlatform)
[2019.10.30-18.13.16:994][960]LogShaderCompilers: Display: Worker (3/5): shaders left to compile 5081
[2019.10.30-18.13.17:358][981]LogShaderCompilers: Display: Worker (1/5): shaders left to compile 5071
[2019.10.30-18.13.20:802][157]LogShaderCompilers: Display: Worker (4/5): shaders left to compile 5061
[2019.10.30-18.13.24:541][352]LogShaderCompilers: Display: Worker (1/5): shaders left to compile 5051
[2019.10.30-18.13.25:998][435]LogShaderCompilers: Display: Worker (3/5): shaders left to compile 5041
[2019.10.30-18.13.28:512][572]LogShaderCompilers: Display: Worker (2/5): shaders left to compile 5031
[2019.10.30-18.13.29:210][604]LogShaderCompilers: Display: Worker (4/5): shaders left to compile 5021
[2019.10.30-18.13.32:912][802]LogShaderCompilers: Display: Worker (1/5): shaders left to compile 5011
[2019.10.30-18.13.37:712][ 59]LogShaderCompilers: Display: Worker (4/5): shaders left to compile 5001
[2019.10.30-18.13.41:877][281]LogShaderCompilers: Display: Worker (1/5): shaders left to compile 4991
[2019.10.30-18.13.44:443][422]LogShaderCompilers: Display: Worker (3/5): shaders left to compile 4981
[2019.10.30-18.13.44:631][433]LogShaderCompilers: Display: Worker (2/5): shaders left to compile 4971
[2019.10.30-18.13.47:264][578]LogEditorViewport: Clicking on Actor (LMB): StaticMeshActor (SM_AssetPlatform)
[2019.10.30-18.13.47:297][578]LogShaderCompilers: Display: Worker (4/5): shaders left to compile 4961
[2019.10.30-18.13.48:888][665]LogEditorViewport: Clicking on Actor (LMB): StaticMeshActor (SM_SkySphere)
[2019.10.30-18.13.49:957][719]LogEditorViewport: Clicking on Actor (LMB): SkeletalMeshActor (SM_Countess_RedRevo)
[2019.10.30-18.13.52:272][828]LogShaderCompilers: Display: Worker (3/5): shaders left to compile 4951
[2019.10.30-18.13.53:230][877]LogShaderCompilers: Display: Worker (2/5): shaders left to compile 4941
[2019.10.30-18.13.54:849][959]LogShaderCompilers: Display: Worker (1/5): shaders left to compile 4931
[2019.10.30-18.13.56:106][ 22]LogShaderCompilers: Display: Worker (4/5): shaders left to compile 4921
[2019.10.30-18.13.58:460][151]LogSlate: FSceneViewport::OnFocusLost() reason 0
[2019.10.30-18.14.01:083][295]LogEditorViewport: Clicking on Actor (LMB): StaticMeshActor (SM_AssetPlatform)
[2019.10.30-18.14.01:171][296]LogShaderCompilers: Display: Worker (1/5): shaders left to compile 4911
[2019.10.30-18.14.01:297][303]LogShaderCompilers: Display: Worker (2/5): shaders left to compile 4901
[2019.10.30-18.14.03:109][402]Cmd: TRANSACTION UNDO
[2019.10.30-18.14.03:109][402]LogEditorTransaction: Undo Clicking on Actors
[2019.10.30-18.14.04:112][444]LogShaderCompilers: Display: Worker (4/5): shaders left to compile 4891
[2019.10.30-18.14.06:111][553]LogShaderCompilers: Display: Worker (3/5): shaders left to compile 4881
[2019.10.30-18.14.08:377][675]LogShaderCompilers: Display: Worker (2/5): shaders left to compile 4871
[2019.10.30-18.14.09:968][755]LogShaderCompilers: Display: Worker (4/5): shaders left to compile 4861
[2019.10.30-18.14.13:615][938]LogShaderCompilers: Display: Worker (3/5): shaders left to compile 4851
[2019.10.30-18.14.13:696][942]LogShaderCompilers: Display: Worker (1/5): shaders left to compile 4841
[2019.10.30-18.14.16:643][ 92]LogShaderCompilers: Display: Worker (4/5): shaders left to compile 4831
[2019.10.30-18.14.19:226][203]LogShaderCompilers: Display: Worker (3/5): shaders left to compile 4821
[2019.10.30-18.14.19:944][236]LogShaderCompilers: Display: Worker (2/5): shaders left to compile 4811
[2019.10.30-18.14.21:011][284]LogShaderCompilers: Display: Worker (1/5): shaders left to compile 4801
[2019.10.30-18.14.25:015][468]LogShaderCompilers: Display: Worker (2/5): shaders left to compile 4791
[2019.10.30-18.14.25:443][485]LogShaderCompilers: Display: Worker (3/5): shaders left to compile 4781
[2019.10.30-18.14.27:826][595]LogShaderCompilers: Display: Worker (4/5): shaders left to compile 4771
[2019.10.30-18.14.28:199][612]LogShaderCompilers: Display: Worker (1/5): shaders left to compile 4761
[2019.10.30-18.14.32:660][812]LogShaderCompilers: Display: Worker (3/5): shaders left to compile 4751
[2019.10.30-18.14.33:459][848]LogShaderCompilers: Display: Worker (1/5): shaders left to compile 4741
[2019.10.30-18.14.34:109][876]LogShaderCompilers: Display: Worker (4/5): shaders left to compile 4731
[2019.10.30-18.14.36:357][970]LogShaderCompilers: Display: Worker (2/5): shaders left to compile 4721
[2019.10.30-18.14.40:729][125]LogShaderCompilers: Display: Worker (3/5): shaders left to compile 4711
[2019.10.30-18.14.40:914][132]LogShaderCompilers: Display: Worker (2/5): shaders left to compile 4701
[2019.10.30-18.14.43:116][208]LogShaderCompilers: Display: Worker (4/5): shaders left to compile 4691
[2019.10.30-18.14.43:834][233]LogShaderCompilers: Display: Worker (1/5): shaders left to compile 4681
[2019.10.30-18.14.44:919][270]LogShaderCompilers: Display: Worker (3/5): shaders left to compile 4671
[2019.10.30-18.14.47:532][356]LogShaderCompilers: Display: Worker (1/5): shaders left to compile 4661
[2019.10.30-18.14.48:029][373]LogShaderCompilers: Display: Worker (2/5): shaders left to compile 4651
[2019.10.30-18.14.48:123][376]LogSlate: FSceneViewport::OnFocusLost() reason 0
[2019.10.30-18.14.48:317][386]LogShaderCompilers: Display: Worker (3/5): shaders left to compile 4641
[2019.10.30-18.14.48:930][406]LogShaderCompilers: Display: Worker (4/5): shaders left to compile 4631
[2019.10.30-18.14.49:233][415]LogRenderer: Reallocating scene render targets to support 908x488 Format 10 NumSamples 1 (Frame:5).
[2019.10.30-18.14.52:828][539]LogShaderCompilers: Display: Worker (3/5): shaders left to compile 4621
[2019.10.30-18.14.53:484][562]LogShaderCompilers: Display: Worker (2/5): shaders left to compile 4611
[2019.10.30-18.14.54:099][585]LogShaderCompilers: Display: Worker (4/5): shaders left to compile 4601
[2019.10.30-18.14.55:855][645]LogShaderCompilers: Display: Worker (1/5): shaders left to compile 4591
[2019.10.30-18.14.57:105][711]LogEditorViewport: Clicking on Actor (LMB): SkeletalMeshActor (SM_Countess_Carnivale4)
[2019.10.30-18.14.58:066][736]LogShaderCompilers: Display: Worker (4/5): shaders left to compile 4581
[2019.10.30-18.14.58:208][739]LogShaderCompilers: Display: Worker (2/5): shaders left to compile 4571
[2019.10.30-18.14.59:185][760]LogSlate: FSceneViewport::OnFocusLost() reason 0
[2019.10.30-18.15.00:683][834]LogShaderCompilers: Display: Worker (3/5): shaders left to compile 4561
[2019.10.30-18.15.00:918][839]LogShaderCompilers: Display: Worker (1/5): shaders left to compile 4551
[2019.10.30-18.15.03:548][906]LogShaderCompilers: Display: Worker (2/5): shaders left to compile 4541
[2019.10.30-18.15.37:312][938]LogTexture: Display: Building textures: T_ThinFilm_Spectrum_COLOR (AutoDXT, 256X64)
[2019.10.30-18.15.37:312][938]LogTexture: Display: Building textures: T_Rainbow_Blurry (AutoDXT, 1024X1024)
[2019.10.30-18.15.37:312][938]LogTexture: Display: Building textures: T_Noise_Water_LowRes (AutoDXT, 2048X2048)
[2019.10.30-18.15.37:312][938]LogTexture: Display: Building textures: T_ShoGun_RP1_Lower_MASK02 (AutoDXT, 4096X4096)
[2019.10.30-18.15.37:312][938]LogTexture: Display: Building textures: T_ShoGun_RP1_Lower_MASK01 (AutoDXT, 4096X4096)
[2019.10.30-18.15.37:312][938]LogTexture: Display: Building textures: T_MarbleCut_D (AutoDXT, 4096X4096)
[2019.10.30-18.15.37:312][938]LogTexture: Display: Building textures: T_Marble_Albedo (AutoDXT, 4096X4096)
[2019.10.30-18.15.37:312][938]LogTexture: Display: Building textures: T_ShoGun_RP1_Lower_N (BC5, 4096X4096)
[2019.10.30-18.15.37:312][938]LogShaderCompilers: Display: Worker (4/5): shaders left to compile 4531
[2019.10.30-18.15.37:312][938]LogTexture: Display: Building textures: T_silkroughness (AutoDXT, 512X512)
[2019.10.30-18.15.37:312][938]LogShaderCompilers: Display: Worker (2/5): shaders left to compile 4521
[2019.10.30-18.15.37:312][938]LogShaderCompilers: Display: Worker (3/5): shaders left to compile 4511
[2019.10.30-18.15.37:313][938]LogShaderCompilers: Display: Worker (1/5): shaders left to compile 4501
[2019.10.30-18.15.37:313][938]LogShaderCompilers: Display: Worker (3/5): shaders left to compile 4491
[2019.10.30-18.15.37:313][938]LogShaderCompilers: Display: Worker (2/5): shaders left to compile 4481
[2019.10.30-18.15.37:313][938]LogShaderCompilers: Display: Worker (2/5): shaders left to compile 4471
[2019.10.30-18.15.37:313][938]LogShaderCompilers: Display: Worker (4/5): shaders left to compile 4461
[2019.10.30-18.15.37:313][938]LogMaterial: Display: Missing cached shader map for material M_Shogun_RP1_WaistCloth, compiling. 
[2019.10.30-18.15.38:436][983]LogShaderCompilers: Display: Worker (1/5): shaders left to compile 4646
[2019.10.30-18.15.38:553][990]LogShaderCompilers: Display: Worker (3/5): shaders left to compile 4636
[2019.10.30-18.15.41:579][113]LogShaderCompilers: Display: Worker (1/5): shaders left to compile 4626
[2019.10.30-18.15.42:405][141]LogShaderCompilers: Display: Worker (3/5): shaders left to compile 4616
[2019.10.30-18.15.43:435][169]LogShaderCompilers: Display: Worker (2/5): shaders left to compile 4606
[2019.10.30-18.15.44:212][195]LogEditorViewport: Clicking on Actor (LMB): StaticMeshActor (SM_AssetPlatform)
[2019.10.30-18.15.45:193][223]LogShaderCompilers: Display: Worker (1/5): shaders left to compile 4596
[2019.10.30-18.15.45:236][224]LogShaderCompilers: Display: Worker (4/5): shaders left to compile 4586
[2019.10.30-18.15.46:800][275]LogSlate: FSceneViewport::OnFocusLost() reason 0
[2019.10.30-18.15.47:040][285]LogUObjectHash: Compacting FUObjectHashTables data took   3.13ms
[2019.10.30-18.15.48:088][285]LogShaderCompilers: Display: Worker (3/5): shaders left to compile 4576
[2019.10.30-18.15.48:199][285]LogShaderCompilers: Display: Worker (4/5): shaders left to compile 4566
[2019.10.30-18.15.49:571][285]LogSlate: Window 'Save Content' being destroyed
[2019.10.30-18.15.49:653][285]LogUObjectHash: Compacting FUObjectHashTables data took   1.09ms
[2019.10.30-18.15.49:716][285]LogSavePackage: Moving '../../../../../Documents/GitHub/IG-Test/DyLoc/DynamicLocomotion/Saved/CountessF7D5222F4896649DEE8E758A461603B5.tmp' to '../../../../../Documents/GitHub/IG-Test/DyLoc/DynamicLocomotion/Content/ParagonCountess/Characters/Maps/Countess.umap'
[2019.10.30-18.15.49:776][285]LogFileHelpers: Saving map 'Countess' took 0.159
[2019.10.30-18.15.50:139][294]LogShaderCompilers: Display: Worker (2/5): shaders left to compile 4556
[2019.10.30-18.15.50:399][302]LogShaderCompilers: Display: Worker (1/5): shaders left to compile 4546
[2019.10.30-18.15.51:095][326]LogShaderCompilers: Display: Worker (3/5): shaders left to compile 4536
[2019.10.30-18.15.52:868][386]LogShaderCompilers: Display: Worker (4/5): shaders left to compile 4526
[2019.10.30-18.15.53:857][416]LogShaderCompilers: Display: Worker (1/5): shaders left to compile 4516
[2019.10.30-18.15.54:787][448]LogShaderCompilers: Display: Worker (3/5): shaders left to compile 4506
[2019.10.30-18.15.55:612][476]LogShaderCompilers: Display: Worker (2/5): shaders left to compile 4496
[2019.10.30-18.15.57:559][543]LogShaderCompilers: Display: Worker (3/5): shaders left to compile 4486
[2019.10.30-18.15.57:647][546]LogShaderCompilers: Display: Worker (4/5): shaders left to compile 4476
[2019.10.30-18.15.58:526][576]LogShaderCompilers: Display: Worker (1/5): shaders left to compile 4466
[2019.10.30-18.15.58:820][586]LogShaderCompilers: Display: Worker (2/5): shaders left to compile 4456
[2019.10.30-18.16.01:159][666]LogShaderCompilers: Display: Worker (1/5): shaders left to compile 4446
[2019.10.30-18.16.01:777][687]LogShaderCompilers: Display: Worker (2/5): shaders left to compile 4436
[2019.10.30-18.16.02:123][699]LogShaderCompilers: Display: Worker (3/5): shaders left to compile 4426
[2019.10.30-18.16.02:274][704]LogShaderCompilers: Display: Worker (4/5): shaders left to compile 4416
[2019.10.30-18.16.05:703][821]LogShaderCompilers: Display: Worker (3/5): shaders left to compile 4406
[2019.10.30-18.16.05:709][821]LogShaderCompilers: Display: Worker (1/5): shaders left to compile 4396
[2019.10.30-18.16.06:313][842]LogShaderCompilers: Display: Worker (2/5): shaders left to compile 4386
[2019.10.30-18.16.10:459][979]LogShaderCompilers: Display: Worker (4/5): shaders left to compile 4376
[2019.10.30-18.16.27:151][544]LogShaderCompilers: Display: Worker (4/5): shaders left to compile 4366
[2019.10.30-18.16.31:021][675]LogShaderCompilers: Display: Worker (4/5): shaders left to compile 4356
[2019.10.30-18.16.36:071][846]LogShaderCompilers: Display: Worker (1/5): shaders left to compile 4346
[2019.10.30-18.16.37:610][898]LogShaderCompilers: Display: Worker (3/5): shaders left to compile 4336
[2019.10.30-18.16.37:924][909]LogShaderCompilers: Display: Worker (2/5): shaders left to compile 4326
[2019.10.30-18.16.46:458][198]LogShaderCompilers: Display: Worker (2/5): shaders left to compile 4316
[2019.10.30-18.16.53:303][430]LogShaderCompilers: Display: Worker (3/5): shaders left to compile 4306
[2019.10.30-18.17.10:405][891]LogShaderCompilers: Display: Worker (1/5): shaders left to compile 4296
[2019.10.30-18.17.12:507][962]LogShaderCompilers: Display: Worker (4/5): shaders left to compile 4286
[2019.10.30-18.17.25:583][382]LogShaderCompilers: Display: Worker (1/5): shaders left to compile 4276
[2019.10.30-18.17.27:476][446]LogShaderCompilers: Display: Worker (4/5): shaders left to compile 4266
[2019.10.30-18.17.28:000][464]LogShaderCompilers: Display: Worker (2/5): shaders left to compile 4256
[2019.10.30-18.17.34:202][674]LogShaderCompilers: Display: Worker (2/5): shaders left to compile 4246
[2019.10.30-18.17.34:938][699]LogShaderCompilers: Display: Worker (3/5): shaders left to compile 4236
[2019.10.30-18.17.48:544][158]LogShaderCompilers: Display: Worker (2/5): shaders left to compile 4226
[2019.10.30-18.17.53:618][328]LogShaderCompilers: Display: Worker (1/5): shaders left to compile 4216
[2019.10.30-18.17.59:729][524]LogShaderCompilers: Display: Worker (1/5): shaders left to compile 4206
[2019.10.30-18.18.11:520][838]LogShaderCompilers: Display: Worker (4/5): shaders left to compile 4196
[2019.10.30-18.18.15:639][977]LogShaderCompilers: Display: Worker (3/5): shaders left to compile 4186
[2019.10.30-18.18.22:824][220]LogShaderCompilers: Display: Worker (1/5): shaders left to compile 4176
